#
# A fatal error has been detected by the Java Runtime Environment:
#
#  SIGSEGV (0xb) at pc=0x00007fc290e97668, pid=21466, tid=21471
#
# JRE version: Java(TM) SE Runtime Environment 18.9 (11.0.14+8) (build 11.0.14+8-LTS-263)
# Java VM: Java HotSpot(TM) 64-Bit Server VM 18.9 (11.0.14+8-LTS-263, mixed mode, tiered, compressed oops, g1 gc, linux-amd64)
# Problematic frame:
# C  [libswscale.so.6+0x64668]
#
# Core dump will be written. Default location: Core dumps may be processed with "/usr/lib/systemd/systemd-coredump %P %u %g %s %t %c %h" (or dumping to /home/nycrera/eclipse-workspace/streammod/core.21466)
#
# If you would like to submit a bug report, please visit:
#   https://bugreport.java.com/bugreport/crash.jsp
# The crash happened outside the Java Virtual Machine in native code.
# See problematic frame for where to report the bug.
#

---------------  S U M M A R Y ------------

Command Line: -Dfile.encoding=UTF-8 com.alperen.streammod.App

Host: Intel(R) Core(TM) i5-10200H CPU @ 2.40GHz, 8 cores, 15G, Manjaro Linux
Time: Thu Jul 21 16:17:50 2022 +03 elapsed time: 13.488914 seconds (0d 0h 0m 13s)

---------------  T H R E A D  ---------------

Current thread (0x00007fc28c027000):  JavaThread "main" [_thread_in_native, id=21471, stack(0x00007fc291700000,0x00007fc291800000)]

Stack: [0x00007fc291700000,0x00007fc291800000],  sp=0x00007fc2917fe1b0,  free space=1016k
Native frames: (J=compiled Java code, j=interpreted, Vv=VM code, C=native code)
C  [libswscale.so.6+0x64668]

Java frames: (J=compiled Java code, j=interpreted, Vv=VM code)
J 1005  org.bytedeco.ffmpeg.global.swscale.sws_scale(Lorg/bytedeco/ffmpeg/swscale/SwsContext;Lorg/bytedeco/javacpp/PointerPointer;Lorg/bytedeco/javacpp/IntPointer;IILorg/bytedeco/javacpp/PointerPointer;Lorg/bytedeco/javacpp/IntPointer;)I (0 bytes) @ 0x00007fc27d42ec00 [0x00007fc27d42eb40+0x00000000000000c0]
J 1040 c1 org.bytedeco.javacv.FFmpegFrameRecorder.recordImage(IIIIII[Ljava/nio/Buffer;)Z (1190 bytes) @ 0x00007fc2760622d4 [0x00007fc2760604a0+0x0000000000001e34]
J 1039 c1 org.bytedeco.javacv.FFmpegFrameRecorder.record(Lorg/bytedeco/javacv/Frame;I)V (104 bytes) @ 0x00007fc276068f8c [0x00007fc276068ce0+0x00000000000002ac]
J 1037 c1 org.bytedeco.javacv.FFmpegFrameRecorder.record(Lorg/bytedeco/javacv/Frame;)V (34 bytes) @ 0x00007fc27605f73c [0x00007fc27605f3e0+0x000000000000035c]
j  com.alperen.streammod.FFMpegTest.StreamVideo(Ljava/lang/String;Ljava/lang/String;Ljava/lang/String;)V+151
j  com.alperen.streammod.App.main([Ljava/lang/String;)V+17
v  ~StubRoutines::call_stub

siginfo: si_signo: 11 (SIGSEGV), si_code: 1 (SEGV_MAPERR), si_addr: 0x00007fc20763b000

Register to memory mapping:

RAX=0xfffffffffffffbb8 is an unknown value
RBX=0x00007fc28e4bec70 points into unknown readable memory: 0x00004087000020de | de 20 00 00 87 40 00 00
RCX=0x00007fc20763bcc0 is an unknown value
RDX=0xfffffffffffff328 is an unknown value
RSP=0x00007fc2917fe1b0 is pointing into the stack for thread: 0x00007fc28c027000
RBP=0x0000000000000780 is an unknown value
RSI=0x00007fc1fe8149c0 points into unknown readable memory: 0x353535363636364e | 4e 36 36 36 36 35 35 35
RDI=0x00007fc1fe980980 points into unknown readable memory: 0x8080808080808080 | 80 80 80 80 80 80 80 80
R8 =0x00000000000002fa is an unknown value
R9 =0x00007fc1fe902080 points into unknown readable memory: 0x7d7d7d7d7e7e7e7e | 7e 7e 7e 7e 7d 7d 7d 7d
R10=0x00007fc20763a640 is an unknown value
R11=0x00000000000003c0 is an unknown value
R12=0xfffffffffffff880 is an unknown value
R13=0x0000000000001680 is an unknown value
R14=0x00007fc207638fc0 is an unknown value
R15=0x0000000000000434 is an unknown value


Registers:
RAX=0xfffffffffffffbb8, RBX=0x00007fc28e4bec70, RCX=0x00007fc20763bcc0, RDX=0xfffffffffffff328
RSP=0x00007fc2917fe1b0, RBP=0x0000000000000780, RSI=0x00007fc1fe8149c0, RDI=0x00007fc1fe980980
R8 =0x00000000000002fa, R9 =0x00007fc1fe902080, R10=0x00007fc20763a640, R11=0x00000000000003c0
R12=0xfffffffffffff880, R13=0x0000000000001680, R14=0x00007fc207638fc0, R15=0x0000000000000434
RIP=0x00007fc290e97668, EFLAGS=0x0000000000010286, CSGSFS=0x002b000000000033, ERR=0x0000000000000004
  TRAPNO=0x000000000000000e

Top of Stack: (sp=0x00007fc2917fe1b0)
0x00007fc2917fe1b0:   0000000000000040 0000000000000000
0x00007fc2917fe1c0:   fffffffffffffc40 0000000000001680
0x00007fc2917fe1d0:   00007fc1fe6aef40 00007fc20720ad40
0x00007fc2917fe1e0:   00007fc1fe8a8800 00007fc1fe927100 

Instructions: (pc=0x00007fc290e97668)
0x00007fc290e97648:   c5 0f f5 d5 0f 6b c2 0f 71 e0 07 0f 6e 64 11 0c
0x00007fc290e97658:   0f 6e 4c 11 0f 0f 60 e7 0f 60 cf 0f 6e 54 11 12
0x00007fc290e97668:   0f 6e 5c 11 15 0f 60 d7 0f 60 df 0f f5 e6 0f f5
0x00007fc290e97678:   ce 0f f5 d6 0f f5 de 0f 72 e4 08 0f 72 e1 08 0f 

Stack slot to memory mapping:
stack at sp + 0 slots: 64 is a compressed pointer to class: 0x0000000800000040
stack at sp + 1 slots: 0x0 is NULL
stack at sp + 2 slots: 0xfffffffffffffc40 is an unknown value
stack at sp + 3 slots: 0x0000000000001680 is an unknown value
stack at sp + 4 slots: 0x00007fc1fe6aef40 points into unknown readable memory: 0x2323232323232323 | 23 23 23 23 23 23 23 23
stack at sp + 5 slots: 0x00007fc20720ad40 is an unknown value
stack at sp + 6 slots: 0x00007fc1fe8a8800 points into unknown readable memory: 0x8484848484848484 | 84 84 84 84 84 84 84 84
stack at sp + 7 slots: 0x00007fc1fe927100 points into unknown readable memory: 0x7f7f7f7f7f7f7f7f | 7f 7f 7f 7f 7f 7f 7f 7f


---------------  P R O C E S S  ---------------

Threads class SMR info:
_java_thread_list=0x00007fc2400021d0, length=12, elements={
0x00007fc28c027000, 0x00007fc28c205800, 0x00007fc28c209800, 0x00007fc28c21b000,
0x00007fc28c221000, 0x00007fc28c223800, 0x00007fc28c225800, 0x00007fc28c227800,
0x00007fc28c305800, 0x00007fc28c37e000, 0x00007fc28cbd3800, 0x00007fc240001000
}

Java Threads: ( => current thread )
=>0x00007fc28c027000 JavaThread "main" [_thread_in_native, id=21471, stack(0x00007fc291700000,0x00007fc291800000)]
  0x00007fc28c205800 JavaThread "Reference Handler" daemon [_thread_blocked, id=21478, stack(0x00007fc260ef5000,0x00007fc260ff5000)]
  0x00007fc28c209800 JavaThread "Finalizer" daemon [_thread_blocked, id=21479, stack(0x00007fc260df5000,0x00007fc260ef5000)]
  0x00007fc28c21b000 JavaThread "Signal Dispatcher" daemon [_thread_blocked, id=21480, stack(0x00007fc26075d000,0x00007fc26085d000)]
  0x00007fc28c221000 JavaThread "Service Thread" daemon [_thread_blocked, id=21481, stack(0x00007fc26065d000,0x00007fc26075d000)]
  0x00007fc28c223800 JavaThread "C2 CompilerThread0" daemon [_thread_blocked, id=21482, stack(0x00007fc26055d000,0x00007fc26065d000)]
  0x00007fc28c225800 JavaThread "C1 CompilerThread0" daemon [_thread_blocked, id=21483, stack(0x00007fc26045d000,0x00007fc26055d000)]
  0x00007fc28c227800 JavaThread "Sweeper thread" daemon [_thread_blocked, id=21484, stack(0x00007fc26035d000,0x00007fc26045d000)]
  0x00007fc28c305800 JavaThread "Common-Cleaner" daemon [_thread_blocked, id=21486, stack(0x00007fc26015b000,0x00007fc26025b000)]
  0x00007fc28c37e000 JavaThread "JavaCPP Deallocator" daemon [_thread_blocked, id=21487, stack(0x00007fc26005b000,0x00007fc26015b000)]
  0x00007fc28cbd3800 JavaThread "Thread-0" [_thread_blocked, id=21504, stack(0x00007fc22c35f000,0x00007fc22c45f000)]
  0x00007fc240001000 JavaThread "SIGTERM handler" daemon [_thread_blocked, id=21518, stack(0x00007fc22ff00000,0x00007fc230000000)]

Other Threads:
  0x00007fc28c1fd000 VMThread "VM Thread" [stack: 0x00007fc260ff7000,0x00007fc2610f7000] [id=21477]
  0x00007fc28c2ff000 WatcherThread [stack: 0x00007fc26025d000,0x00007fc26035d000] [id=21485]
  0x00007fc28c03e000 GCTaskThread "GC Thread#0" [stack: 0x00007fc290f00000,0x00007fc291000000] [id=21472]
  0x00007fc254001000 GCTaskThread "GC Thread#1" [stack: 0x00007fc22f4c9000,0x00007fc22f5c9000] [id=21491]
  0x00007fc254002800 GCTaskThread "GC Thread#2" [stack: 0x00007fc22f100000,0x00007fc22f200000] [id=21492]
  0x00007fc254004000 GCTaskThread "GC Thread#3" [stack: 0x00007fc22effe000,0x00007fc22f0fe000] [id=21493]
  0x00007fc254006000 GCTaskThread "GC Thread#4" [stack: 0x00007fc22eefc000,0x00007fc22effc000] [id=21494]
  0x00007fc28c09b000 ConcurrentGCThread "G1 Main Marker" [stack: 0x00007fc268450000,0x00007fc268550000] [id=21473]
  0x00007fc28c09d000 ConcurrentGCThread "G1 Conc#0" [stack: 0x00007fc26834e000,0x00007fc26844e000] [id=21474]
  0x00007fc28c199000 ConcurrentGCThread "G1 Refine#0" [stack: 0x00007fc2619fb000,0x00007fc261afb000] [id=21475]
  0x00007fc28c19b000 ConcurrentGCThread "G1 Young RemSet Sampling" [stack: 0x00007fc2618f9000,0x00007fc2619f9000] [id=21476]

Threads with active compile tasks:

VM state:not at safepoint (normal execution)

VM Mutex/Monitor currently owned by a thread: None

Heap address: 0x000000070aa00000, size: 3926 MB, Compressed Oops mode: Zero based, Oop shift amount: 3
Narrow klass base: 0x0000000800000000, Narrow klass shift: 0
Compressed class space size: 1073741824 Address: 0x0000000800000000

Heap:
 garbage-first heap   total 251904K, used 128574K [0x000000070aa00000, 0x0000000800000000)
  region size 1024K, 125 young (128000K), 3 survivors (3072K)
 Metaspace       used 9422K, capacity 9559K, committed 9984K, reserved 1058816K
  class space    used 862K, capacity 905K, committed 1024K, reserved 1048576K
Heap Regions: E=young(eden), S=young(survivor), O=old, HS=humongous(starts), HC=humongous(continues), CS=collection set, F=free, A=archive, TAMS=top-at-mark-start (previous, next)
|   0|0x000000070aa00000, 0x000000070ab00000, 0x000000070ab00000|100%| O|  |TAMS 0x000000070aa00000, 0x000000070aa00000| Untracked 
|   1|0x000000070ab00000, 0x000000070ab8fa00, 0x000000070ac00000| 56%| O|  |TAMS 0x000000070ab00000, 0x000000070ab00000| Untracked 
|   2|0x000000070ac00000, 0x000000070ac00000, 0x000000070ad00000|  0%| F|  |TAMS 0x000000070ac00000, 0x000000070ac00000| Untracked 
|   3|0x000000070ad00000, 0x000000070ad00000, 0x000000070ae00000|  0%| F|  |TAMS 0x000000070ad00000, 0x000000070ad00000| Untracked 
|   4|0x000000070ae00000, 0x000000070ae00000, 0x000000070af00000|  0%| F|  |TAMS 0x000000070ae00000, 0x000000070ae00000| Untracked 
|   5|0x000000070af00000, 0x000000070af00000, 0x000000070b000000|  0%| F|  |TAMS 0x000000070af00000, 0x000000070af00000| Untracked 
|   6|0x000000070b000000, 0x000000070b000000, 0x000000070b100000|  0%| F|  |TAMS 0x000000070b000000, 0x000000070b000000| Untracked 
|   7|0x000000070b100000, 0x000000070b100000, 0x000000070b200000|  0%| F|  |TAMS 0x000000070b100000, 0x000000070b100000| Untracked 
|   8|0x000000070b200000, 0x000000070b200000, 0x000000070b300000|  0%| F|  |TAMS 0x000000070b200000, 0x000000070b200000| Untracked 
|   9|0x000000070b300000, 0x000000070b300000, 0x000000070b400000|  0%| F|  |TAMS 0x000000070b300000, 0x000000070b300000| Untracked 
|  10|0x000000070b400000, 0x000000070b400000, 0x000000070b500000|  0%| F|  |TAMS 0x000000070b400000, 0x000000070b400000| Untracked 
|  11|0x000000070b500000, 0x000000070b500000, 0x000000070b600000|  0%| F|  |TAMS 0x000000070b500000, 0x000000070b500000| Untracked 
|  12|0x000000070b600000, 0x000000070b600000, 0x000000070b700000|  0%| F|  |TAMS 0x000000070b600000, 0x000000070b600000| Untracked 
|  13|0x000000070b700000, 0x000000070b700000, 0x000000070b800000|  0%| F|  |TAMS 0x000000070b700000, 0x000000070b700000| Untracked 
|  14|0x000000070b800000, 0x000000070b800000, 0x000000070b900000|  0%| F|  |TAMS 0x000000070b800000, 0x000000070b800000| Untracked 
|  15|0x000000070b900000, 0x000000070b900000, 0x000000070ba00000|  0%| F|  |TAMS 0x000000070b900000, 0x000000070b900000| Untracked 
|  16|0x000000070ba00000, 0x000000070ba00000, 0x000000070bb00000|  0%| F|  |TAMS 0x000000070ba00000, 0x000000070ba00000| Untracked 
|  17|0x000000070bb00000, 0x000000070bb00000, 0x000000070bc00000|  0%| F|  |TAMS 0x000000070bb00000, 0x000000070bb00000| Untracked 
|  18|0x000000070bc00000, 0x000000070bc00000, 0x000000070bd00000|  0%| F|  |TAMS 0x000000070bc00000, 0x000000070bc00000| Untracked 
|  19|0x000000070bd00000, 0x000000070bd00000, 0x000000070be00000|  0%| F|  |TAMS 0x000000070bd00000, 0x000000070bd00000| Untracked 
|  20|0x000000070be00000, 0x000000070be00000, 0x000000070bf00000|  0%| F|  |TAMS 0x000000070be00000, 0x000000070be00000| Untracked 
|  21|0x000000070bf00000, 0x000000070bf00000, 0x000000070c000000|  0%| F|  |TAMS 0x000000070bf00000, 0x000000070bf00000| Untracked 
|  22|0x000000070c000000, 0x000000070c000000, 0x000000070c100000|  0%| F|  |TAMS 0x000000070c000000, 0x000000070c000000| Untracked 
|  23|0x000000070c100000, 0x000000070c100000, 0x000000070c200000|  0%| F|  |TAMS 0x000000070c100000, 0x000000070c100000| Untracked 
|  24|0x000000070c200000, 0x000000070c200000, 0x000000070c300000|  0%| F|  |TAMS 0x000000070c200000, 0x000000070c200000| Untracked 
|  25|0x000000070c300000, 0x000000070c300000, 0x000000070c400000|  0%| F|  |TAMS 0x000000070c300000, 0x000000070c300000| Untracked 
|  26|0x000000070c400000, 0x000000070c400000, 0x000000070c500000|  0%| F|  |TAMS 0x000000070c400000, 0x000000070c400000| Untracked 
|  27|0x000000070c500000, 0x000000070c500000, 0x000000070c600000|  0%| F|  |TAMS 0x000000070c500000, 0x000000070c500000| Untracked 
|  28|0x000000070c600000, 0x000000070c600000, 0x000000070c700000|  0%| F|  |TAMS 0x000000070c600000, 0x000000070c600000| Untracked 
|  29|0x000000070c700000, 0x000000070c700000, 0x000000070c800000|  0%| F|  |TAMS 0x000000070c700000, 0x000000070c700000| Untracked 
|  30|0x000000070c800000, 0x000000070c800000, 0x000000070c900000|  0%| F|  |TAMS 0x000000070c800000, 0x000000070c800000| Untracked 
|  31|0x000000070c900000, 0x000000070c900000, 0x000000070ca00000|  0%| F|  |TAMS 0x000000070c900000, 0x000000070c900000| Untracked 
|  32|0x000000070ca00000, 0x000000070ca00000, 0x000000070cb00000|  0%| F|  |TAMS 0x000000070ca00000, 0x000000070ca00000| Untracked 
|  33|0x000000070cb00000, 0x000000070cb00000, 0x000000070cc00000|  0%| F|  |TAMS 0x000000070cb00000, 0x000000070cb00000| Untracked 
|  34|0x000000070cc00000, 0x000000070cc00000, 0x000000070cd00000|  0%| F|  |TAMS 0x000000070cc00000, 0x000000070cc00000| Untracked 
|  35|0x000000070cd00000, 0x000000070cd00000, 0x000000070ce00000|  0%| F|  |TAMS 0x000000070cd00000, 0x000000070cd00000| Untracked 
|  36|0x000000070ce00000, 0x000000070ce00000, 0x000000070cf00000|  0%| F|  |TAMS 0x000000070ce00000, 0x000000070ce00000| Untracked 
|  37|0x000000070cf00000, 0x000000070cf00000, 0x000000070d000000|  0%| F|  |TAMS 0x000000070cf00000, 0x000000070cf00000| Untracked 
|  38|0x000000070d000000, 0x000000070d000000, 0x000000070d100000|  0%| F|  |TAMS 0x000000070d000000, 0x000000070d000000| Untracked 
|  39|0x000000070d100000, 0x000000070d100000, 0x000000070d200000|  0%| F|  |TAMS 0x000000070d100000, 0x000000070d100000| Untracked 
|  40|0x000000070d200000, 0x000000070d200000, 0x000000070d300000|  0%| F|  |TAMS 0x000000070d200000, 0x000000070d200000| Untracked 
|  41|0x000000070d300000, 0x000000070d300000, 0x000000070d400000|  0%| F|  |TAMS 0x000000070d300000, 0x000000070d300000| Untracked 
|  42|0x000000070d400000, 0x000000070d400000, 0x000000070d500000|  0%| F|  |TAMS 0x000000070d400000, 0x000000070d400000| Untracked 
|  43|0x000000070d500000, 0x000000070d500000, 0x000000070d600000|  0%| F|  |TAMS 0x000000070d500000, 0x000000070d500000| Untracked 
|  44|0x000000070d600000, 0x000000070d600000, 0x000000070d700000|  0%| F|  |TAMS 0x000000070d600000, 0x000000070d600000| Untracked 
|  45|0x000000070d700000, 0x000000070d700000, 0x000000070d800000|  0%| F|  |TAMS 0x000000070d700000, 0x000000070d700000| Untracked 
|  46|0x000000070d800000, 0x000000070d800000, 0x000000070d900000|  0%| F|  |TAMS 0x000000070d800000, 0x000000070d800000| Untracked 
|  47|0x000000070d900000, 0x000000070d900000, 0x000000070da00000|  0%| F|  |TAMS 0x000000070d900000, 0x000000070d900000| Untracked 
|  48|0x000000070da00000, 0x000000070da00000, 0x000000070db00000|  0%| F|  |TAMS 0x000000070da00000, 0x000000070da00000| Untracked 
|  49|0x000000070db00000, 0x000000070db00000, 0x000000070dc00000|  0%| F|  |TAMS 0x000000070db00000, 0x000000070db00000| Untracked 
|  50|0x000000070dc00000, 0x000000070dc00000, 0x000000070dd00000|  0%| F|  |TAMS 0x000000070dc00000, 0x000000070dc00000| Untracked 
|  51|0x000000070dd00000, 0x000000070dd00000, 0x000000070de00000|  0%| F|  |TAMS 0x000000070dd00000, 0x000000070dd00000| Untracked 
|  52|0x000000070de00000, 0x000000070de00000, 0x000000070df00000|  0%| F|  |TAMS 0x000000070de00000, 0x000000070de00000| Untracked 
|  53|0x000000070df00000, 0x000000070df00000, 0x000000070e000000|  0%| F|  |TAMS 0x000000070df00000, 0x000000070df00000| Untracked 
|  54|0x000000070e000000, 0x000000070e000000, 0x000000070e100000|  0%| F|  |TAMS 0x000000070e000000, 0x000000070e000000| Untracked 
|  55|0x000000070e100000, 0x000000070e100000, 0x000000070e200000|  0%| F|  |TAMS 0x000000070e100000, 0x000000070e100000| Untracked 
|  56|0x000000070e200000, 0x000000070e200000, 0x000000070e300000|  0%| F|  |TAMS 0x000000070e200000, 0x000000070e200000| Untracked 
|  57|0x000000070e300000, 0x000000070e300000, 0x000000070e400000|  0%| F|  |TAMS 0x000000070e300000, 0x000000070e300000| Untracked 
|  58|0x000000070e400000, 0x000000070e400000, 0x000000070e500000|  0%| F|  |TAMS 0x000000070e400000, 0x000000070e400000| Untracked 
|  59|0x000000070e500000, 0x000000070e500000, 0x000000070e600000|  0%| F|  |TAMS 0x000000070e500000, 0x000000070e500000| Untracked 
|  60|0x000000070e600000, 0x000000070e600000, 0x000000070e700000|  0%| F|  |TAMS 0x000000070e600000, 0x000000070e600000| Untracked 
|  61|0x000000070e700000, 0x000000070e700000, 0x000000070e800000|  0%| F|  |TAMS 0x000000070e700000, 0x000000070e700000| Untracked 
|  62|0x000000070e800000, 0x000000070e800000, 0x000000070e900000|  0%| F|  |TAMS 0x000000070e800000, 0x000000070e800000| Untracked 
|  63|0x000000070e900000, 0x000000070e900000, 0x000000070ea00000|  0%| F|  |TAMS 0x000000070e900000, 0x000000070e900000| Untracked 
|  64|0x000000070ea00000, 0x000000070ea00000, 0x000000070eb00000|  0%| F|  |TAMS 0x000000070ea00000, 0x000000070ea00000| Untracked 
|  65|0x000000070eb00000, 0x000000070eb00000, 0x000000070ec00000|  0%| F|  |TAMS 0x000000070eb00000, 0x000000070eb00000| Untracked 
|  66|0x000000070ec00000, 0x000000070ec00000, 0x000000070ed00000|  0%| F|  |TAMS 0x000000070ec00000, 0x000000070ec00000| Untracked 
|  67|0x000000070ed00000, 0x000000070ed00000, 0x000000070ee00000|  0%| F|  |TAMS 0x000000070ed00000, 0x000000070ed00000| Untracked 
|  68|0x000000070ee00000, 0x000000070ee00000, 0x000000070ef00000|  0%| F|  |TAMS 0x000000070ee00000, 0x000000070ee00000| Untracked 
|  69|0x000000070ef00000, 0x000000070ef00000, 0x000000070f000000|  0%| F|  |TAMS 0x000000070ef00000, 0x000000070ef00000| Untracked 
|  70|0x000000070f000000, 0x000000070f000000, 0x000000070f100000|  0%| F|  |TAMS 0x000000070f000000, 0x000000070f000000| Untracked 
|  71|0x000000070f100000, 0x000000070f100000, 0x000000070f200000|  0%| F|  |TAMS 0x000000070f100000, 0x000000070f100000| Untracked 
|  72|0x000000070f200000, 0x000000070f200000, 0x000000070f300000|  0%| F|  |TAMS 0x000000070f200000, 0x000000070f200000| Untracked 
|  73|0x000000070f300000, 0x000000070f300000, 0x000000070f400000|  0%| F|  |TAMS 0x000000070f300000, 0x000000070f300000| Untracked 
|  74|0x000000070f400000, 0x000000070f400000, 0x000000070f500000|  0%| F|  |TAMS 0x000000070f400000, 0x000000070f400000| Untracked 
|  75|0x000000070f500000, 0x000000070f500000, 0x000000070f600000|  0%| F|  |TAMS 0x000000070f500000, 0x000000070f500000| Untracked 
|  76|0x000000070f600000, 0x000000070f600000, 0x000000070f700000|  0%| F|  |TAMS 0x000000070f600000, 0x000000070f600000| Untracked 
|  77|0x000000070f700000, 0x000000070f700000, 0x000000070f800000|  0%| F|  |TAMS 0x000000070f700000, 0x000000070f700000| Untracked 
|  78|0x000000070f800000, 0x000000070f800000, 0x000000070f900000|  0%| F|  |TAMS 0x000000070f800000, 0x000000070f800000| Untracked 
|  79|0x000000070f900000, 0x000000070f900000, 0x000000070fa00000|  0%| F|  |TAMS 0x000000070f900000, 0x000000070f900000| Untracked 
|  80|0x000000070fa00000, 0x000000070fa00000, 0x000000070fb00000|  0%| F|  |TAMS 0x000000070fa00000, 0x000000070fa00000| Untracked 
|  81|0x000000070fb00000, 0x000000070fb00000, 0x000000070fc00000|  0%| F|  |TAMS 0x000000070fb00000, 0x000000070fb00000| Untracked 
|  82|0x000000070fc00000, 0x000000070fc00000, 0x000000070fd00000|  0%| F|  |TAMS 0x000000070fc00000, 0x000000070fc00000| Untracked 
|  83|0x000000070fd00000, 0x000000070fd00000, 0x000000070fe00000|  0%| F|  |TAMS 0x000000070fd00000, 0x000000070fd00000| Untracked 
|  84|0x000000070fe00000, 0x000000070fe00000, 0x000000070ff00000|  0%| F|  |TAMS 0x000000070fe00000, 0x000000070fe00000| Untracked 
|  85|0x000000070ff00000, 0x000000070ff00000, 0x0000000710000000|  0%| F|  |TAMS 0x000000070ff00000, 0x000000070ff00000| Untracked 
|  86|0x0000000710000000, 0x0000000710000000, 0x0000000710100000|  0%| F|  |TAMS 0x0000000710000000, 0x0000000710000000| Untracked 
|  87|0x0000000710100000, 0x0000000710100000, 0x0000000710200000|  0%| F|  |TAMS 0x0000000710100000, 0x0000000710100000| Untracked 
|  88|0x0000000710200000, 0x0000000710200000, 0x0000000710300000|  0%| F|  |TAMS 0x0000000710200000, 0x0000000710200000| Untracked 
|  89|0x0000000710300000, 0x0000000710300000, 0x0000000710400000|  0%| F|  |TAMS 0x0000000710300000, 0x0000000710300000| Untracked 
|  90|0x0000000710400000, 0x0000000710400000, 0x0000000710500000|  0%| F|  |TAMS 0x0000000710400000, 0x0000000710400000| Untracked 
|  91|0x0000000710500000, 0x0000000710500000, 0x0000000710600000|  0%| F|  |TAMS 0x0000000710500000, 0x0000000710500000| Untracked 
|  92|0x0000000710600000, 0x0000000710600000, 0x0000000710700000|  0%| F|  |TAMS 0x0000000710600000, 0x0000000710600000| Untracked 
|  93|0x0000000710700000, 0x0000000710700000, 0x0000000710800000|  0%| F|  |TAMS 0x0000000710700000, 0x0000000710700000| Untracked 
|  94|0x0000000710800000, 0x0000000710800000, 0x0000000710900000|  0%| F|  |TAMS 0x0000000710800000, 0x0000000710800000| Untracked 
|  95|0x0000000710900000, 0x0000000710900000, 0x0000000710a00000|  0%| F|  |TAMS 0x0000000710900000, 0x0000000710900000| Untracked 
|  96|0x0000000710a00000, 0x0000000710a00000, 0x0000000710b00000|  0%| F|  |TAMS 0x0000000710a00000, 0x0000000710a00000| Untracked 
|  97|0x0000000710b00000, 0x0000000710b00000, 0x0000000710c00000|  0%| F|  |TAMS 0x0000000710b00000, 0x0000000710b00000| Untracked 
|  98|0x0000000710c00000, 0x0000000710c00000, 0x0000000710d00000|  0%| F|  |TAMS 0x0000000710c00000, 0x0000000710c00000| Untracked 
|  99|0x0000000710d00000, 0x0000000710d00000, 0x0000000710e00000|  0%| F|  |TAMS 0x0000000710d00000, 0x0000000710d00000| Untracked 
| 100|0x0000000710e00000, 0x0000000710e00000, 0x0000000710f00000|  0%| F|  |TAMS 0x0000000710e00000, 0x0000000710e00000| Untracked 
| 101|0x0000000710f00000, 0x0000000710f00000, 0x0000000711000000|  0%| F|  |TAMS 0x0000000710f00000, 0x0000000710f00000| Untracked 
| 102|0x0000000711000000, 0x0000000711000000, 0x0000000711100000|  0%| F|  |TAMS 0x0000000711000000, 0x0000000711000000| Untracked 
| 103|0x0000000711100000, 0x0000000711100000, 0x0000000711200000|  0%| F|  |TAMS 0x0000000711100000, 0x0000000711100000| Untracked 
| 104|0x0000000711200000, 0x0000000711200000, 0x0000000711300000|  0%| F|  |TAMS 0x0000000711200000, 0x0000000711200000| Untracked 
| 105|0x0000000711300000, 0x0000000711300000, 0x0000000711400000|  0%| F|  |TAMS 0x0000000711300000, 0x0000000711300000| Untracked 
| 106|0x0000000711400000, 0x0000000711400000, 0x0000000711500000|  0%| F|  |TAMS 0x0000000711400000, 0x0000000711400000| Untracked 
| 107|0x0000000711500000, 0x0000000711500000, 0x0000000711600000|  0%| F|  |TAMS 0x0000000711500000, 0x0000000711500000| Untracked 
| 108|0x0000000711600000, 0x0000000711600000, 0x0000000711700000|  0%| F|  |TAMS 0x0000000711600000, 0x0000000711600000| Untracked 
| 109|0x0000000711700000, 0x0000000711700000, 0x0000000711800000|  0%| F|  |TAMS 0x0000000711700000, 0x0000000711700000| Untracked 
| 110|0x0000000711800000, 0x0000000711800000, 0x0000000711900000|  0%| F|  |TAMS 0x0000000711800000, 0x0000000711800000| Untracked 
| 111|0x0000000711900000, 0x0000000711900000, 0x0000000711a00000|  0%| F|  |TAMS 0x0000000711900000, 0x0000000711900000| Untracked 
| 112|0x0000000711a00000, 0x0000000711a00000, 0x0000000711b00000|  0%| F|  |TAMS 0x0000000711a00000, 0x0000000711a00000| Untracked 
| 113|0x0000000711b00000, 0x0000000711b00000, 0x0000000711c00000|  0%| F|  |TAMS 0x0000000711b00000, 0x0000000711b00000| Untracked 
| 114|0x0000000711c00000, 0x0000000711c00000, 0x0000000711d00000|  0%| F|  |TAMS 0x0000000711c00000, 0x0000000711c00000| Untracked 
| 115|0x0000000711d00000, 0x0000000711d00000, 0x0000000711e00000|  0%| F|  |TAMS 0x0000000711d00000, 0x0000000711d00000| Untracked 
| 116|0x0000000711e00000, 0x0000000711e00000, 0x0000000711f00000|  0%| F|  |TAMS 0x0000000711e00000, 0x0000000711e00000| Untracked 
| 117|0x0000000711f00000, 0x0000000711f00000, 0x0000000712000000|  0%| F|  |TAMS 0x0000000711f00000, 0x0000000711f00000| Untracked 
| 118|0x0000000712000000, 0x0000000712000000, 0x0000000712100000|  0%| F|  |TAMS 0x0000000712000000, 0x0000000712000000| Untracked 
| 119|0x0000000712100000, 0x0000000712100000, 0x0000000712200000|  0%| F|  |TAMS 0x0000000712100000, 0x0000000712100000| Untracked 
| 120|0x0000000712200000, 0x0000000712200000, 0x0000000712300000|  0%| F|  |TAMS 0x0000000712200000, 0x0000000712200000| Untracked 
| 121|0x0000000712300000, 0x0000000712300800, 0x0000000712400000|  0%| E|  |TAMS 0x0000000712300000, 0x0000000712300000| Complete 
| 122|0x0000000712400000, 0x0000000712500000, 0x0000000712500000|100%| E|CS|TAMS 0x0000000712400000, 0x0000000712400000| Complete 
| 123|0x0000000712500000, 0x0000000712600000, 0x0000000712600000|100%| E|CS|TAMS 0x0000000712500000, 0x0000000712500000| Complete 
| 124|0x0000000712600000, 0x0000000712700000, 0x0000000712700000|100%| E|CS|TAMS 0x0000000712600000, 0x0000000712600000| Complete 
| 125|0x0000000712700000, 0x0000000712800000, 0x0000000712800000|100%| E|CS|TAMS 0x0000000712700000, 0x0000000712700000| Complete 
| 126|0x0000000712800000, 0x0000000712900000, 0x0000000712900000|100%| E|CS|TAMS 0x0000000712800000, 0x0000000712800000| Complete 
| 127|0x0000000712900000, 0x0000000712a00000, 0x0000000712a00000|100%| E|CS|TAMS 0x0000000712900000, 0x0000000712900000| Complete 
| 128|0x0000000712a00000, 0x0000000712b00000, 0x0000000712b00000|100%| E|CS|TAMS 0x0000000712a00000, 0x0000000712a00000| Complete 
| 129|0x0000000712b00000, 0x0000000712c00000, 0x0000000712c00000|100%| E|CS|TAMS 0x0000000712b00000, 0x0000000712b00000| Complete 
| 130|0x0000000712c00000, 0x0000000712d00000, 0x0000000712d00000|100%| E|CS|TAMS 0x0000000712c00000, 0x0000000712c00000| Complete 
| 131|0x0000000712d00000, 0x0000000712e00000, 0x0000000712e00000|100%| E|CS|TAMS 0x0000000712d00000, 0x0000000712d00000| Complete 
| 132|0x0000000712e00000, 0x0000000712f00000, 0x0000000712f00000|100%| E|CS|TAMS 0x0000000712e00000, 0x0000000712e00000| Complete 
| 133|0x0000000712f00000, 0x0000000713000000, 0x0000000713000000|100%| E|CS|TAMS 0x0000000712f00000, 0x0000000712f00000| Complete 
| 134|0x0000000713000000, 0x0000000713100000, 0x0000000713100000|100%| E|CS|TAMS 0x0000000713000000, 0x0000000713000000| Complete 
| 135|0x0000000713100000, 0x0000000713200000, 0x0000000713200000|100%| E|CS|TAMS 0x0000000713100000, 0x0000000713100000| Complete 
| 136|0x0000000713200000, 0x0000000713300000, 0x0000000713300000|100%| E|CS|TAMS 0x0000000713200000, 0x0000000713200000| Complete 
| 137|0x0000000713300000, 0x0000000713400000, 0x0000000713400000|100%| E|CS|TAMS 0x0000000713300000, 0x0000000713300000| Complete 
| 138|0x0000000713400000, 0x0000000713500000, 0x0000000713500000|100%| E|CS|TAMS 0x0000000713400000, 0x0000000713400000| Complete 
| 139|0x0000000713500000, 0x0000000713600000, 0x0000000713600000|100%| E|CS|TAMS 0x0000000713500000, 0x0000000713500000| Complete 
| 140|0x0000000713600000, 0x0000000713700000, 0x0000000713700000|100%| E|CS|TAMS 0x0000000713600000, 0x0000000713600000| Complete 
| 141|0x0000000713700000, 0x0000000713800000, 0x0000000713800000|100%| E|CS|TAMS 0x0000000713700000, 0x0000000713700000| Complete 
| 142|0x0000000713800000, 0x0000000713900000, 0x0000000713900000|100%| E|CS|TAMS 0x0000000713800000, 0x0000000713800000| Complete 
| 143|0x0000000713900000, 0x0000000713a00000, 0x0000000713a00000|100%| E|CS|TAMS 0x0000000713900000, 0x0000000713900000| Complete 
| 144|0x0000000713a00000, 0x0000000713b00000, 0x0000000713b00000|100%| E|CS|TAMS 0x0000000713a00000, 0x0000000713a00000| Complete 
| 145|0x0000000713b00000, 0x0000000713c00000, 0x0000000713c00000|100%| E|CS|TAMS 0x0000000713b00000, 0x0000000713b00000| Complete 
| 146|0x0000000713c00000, 0x0000000713d00000, 0x0000000713d00000|100%| E|CS|TAMS 0x0000000713c00000, 0x0000000713c00000| Complete 
| 147|0x0000000713d00000, 0x0000000713e00000, 0x0000000713e00000|100%| E|CS|TAMS 0x0000000713d00000, 0x0000000713d00000| Complete 
| 148|0x0000000713e00000, 0x0000000713f00000, 0x0000000713f00000|100%| E|CS|TAMS 0x0000000713e00000, 0x0000000713e00000| Complete 
| 149|0x0000000713f00000, 0x0000000714000000, 0x0000000714000000|100%| E|CS|TAMS 0x0000000713f00000, 0x0000000713f00000| Complete 
| 150|0x0000000714000000, 0x0000000714100000, 0x0000000714100000|100%| E|CS|TAMS 0x0000000714000000, 0x0000000714000000| Complete 
| 151|0x0000000714100000, 0x0000000714200000, 0x0000000714200000|100%| E|CS|TAMS 0x0000000714100000, 0x0000000714100000| Complete 
| 152|0x0000000714200000, 0x0000000714300000, 0x0000000714300000|100%| E|CS|TAMS 0x0000000714200000, 0x0000000714200000| Complete 
| 153|0x0000000714300000, 0x0000000714400000, 0x0000000714400000|100%| E|CS|TAMS 0x0000000714300000, 0x0000000714300000| Complete 
| 154|0x0000000714400000, 0x0000000714500000, 0x0000000714500000|100%| E|CS|TAMS 0x0000000714400000, 0x0000000714400000| Complete 
| 155|0x0000000714500000, 0x0000000714600000, 0x0000000714600000|100%| E|CS|TAMS 0x0000000714500000, 0x0000000714500000| Complete 
| 156|0x0000000714600000, 0x0000000714700000, 0x0000000714700000|100%| E|CS|TAMS 0x0000000714600000, 0x0000000714600000| Complete 
| 157|0x0000000714700000, 0x0000000714800000, 0x0000000714800000|100%| E|CS|TAMS 0x0000000714700000, 0x0000000714700000| Complete 
| 158|0x0000000714800000, 0x0000000714900000, 0x0000000714900000|100%| E|CS|TAMS 0x0000000714800000, 0x0000000714800000| Complete 
| 159|0x0000000714900000, 0x0000000714a00000, 0x0000000714a00000|100%| E|CS|TAMS 0x0000000714900000, 0x0000000714900000| Complete 
| 160|0x0000000714a00000, 0x0000000714b00000, 0x0000000714b00000|100%| E|CS|TAMS 0x0000000714a00000, 0x0000000714a00000| Complete 
| 161|0x0000000714b00000, 0x0000000714c00000, 0x0000000714c00000|100%| E|CS|TAMS 0x0000000714b00000, 0x0000000714b00000| Complete 
| 162|0x0000000714c00000, 0x0000000714d00000, 0x0000000714d00000|100%| E|CS|TAMS 0x0000000714c00000, 0x0000000714c00000| Complete 
| 163|0x0000000714d00000, 0x0000000714e00000, 0x0000000714e00000|100%| E|CS|TAMS 0x0000000714d00000, 0x0000000714d00000| Complete 
| 164|0x0000000714e00000, 0x0000000714f00000, 0x0000000714f00000|100%| E|CS|TAMS 0x0000000714e00000, 0x0000000714e00000| Complete 
| 165|0x0000000714f00000, 0x0000000715000000, 0x0000000715000000|100%| E|CS|TAMS 0x0000000714f00000, 0x0000000714f00000| Complete 
| 166|0x0000000715000000, 0x0000000715100000, 0x0000000715100000|100%| E|CS|TAMS 0x0000000715000000, 0x0000000715000000| Complete 
| 167|0x0000000715100000, 0x0000000715200000, 0x0000000715200000|100%| E|CS|TAMS 0x0000000715100000, 0x0000000715100000| Complete 
| 168|0x0000000715200000, 0x0000000715300000, 0x0000000715300000|100%| E|CS|TAMS 0x0000000715200000, 0x0000000715200000| Complete 
| 169|0x0000000715300000, 0x0000000715400000, 0x0000000715400000|100%| E|CS|TAMS 0x0000000715300000, 0x0000000715300000| Complete 
| 170|0x0000000715400000, 0x0000000715500000, 0x0000000715500000|100%| E|CS|TAMS 0x0000000715400000, 0x0000000715400000| Complete 
| 171|0x0000000715500000, 0x0000000715600000, 0x0000000715600000|100%| E|CS|TAMS 0x0000000715500000, 0x0000000715500000| Complete 
| 172|0x0000000715600000, 0x0000000715700000, 0x0000000715700000|100%| E|CS|TAMS 0x0000000715600000, 0x0000000715600000| Complete 
| 173|0x0000000715700000, 0x0000000715800000, 0x0000000715800000|100%| E|CS|TAMS 0x0000000715700000, 0x0000000715700000| Complete 
| 174|0x0000000715800000, 0x0000000715900000, 0x0000000715900000|100%| E|CS|TAMS 0x0000000715800000, 0x0000000715800000| Complete 
| 175|0x0000000715900000, 0x0000000715a00000, 0x0000000715a00000|100%| E|CS|TAMS 0x0000000715900000, 0x0000000715900000| Complete 
| 176|0x0000000715a00000, 0x0000000715b00000, 0x0000000715b00000|100%| E|CS|TAMS 0x0000000715a00000, 0x0000000715a00000| Complete 
| 177|0x0000000715b00000, 0x0000000715c00000, 0x0000000715c00000|100%| E|CS|TAMS 0x0000000715b00000, 0x0000000715b00000| Complete 
| 178|0x0000000715c00000, 0x0000000715d00000, 0x0000000715d00000|100%| E|CS|TAMS 0x0000000715c00000, 0x0000000715c00000| Complete 
| 179|0x0000000715d00000, 0x0000000715e00000, 0x0000000715e00000|100%| E|CS|TAMS 0x0000000715d00000, 0x0000000715d00000| Complete 
| 180|0x0000000715e00000, 0x0000000715f00000, 0x0000000715f00000|100%| E|CS|TAMS 0x0000000715e00000, 0x0000000715e00000| Complete 
| 181|0x0000000715f00000, 0x0000000716000000, 0x0000000716000000|100%| E|CS|TAMS 0x0000000715f00000, 0x0000000715f00000| Complete 
| 182|0x0000000716000000, 0x0000000716100000, 0x0000000716100000|100%| E|CS|TAMS 0x0000000716000000, 0x0000000716000000| Complete 
| 183|0x0000000716100000, 0x0000000716200000, 0x0000000716200000|100%| E|CS|TAMS 0x0000000716100000, 0x0000000716100000| Complete 
| 184|0x0000000716200000, 0x0000000716300000, 0x0000000716300000|100%| E|CS|TAMS 0x0000000716200000, 0x0000000716200000| Complete 
| 185|0x0000000716300000, 0x0000000716400000, 0x0000000716400000|100%| E|CS|TAMS 0x0000000716300000, 0x0000000716300000| Complete 
| 186|0x0000000716400000, 0x0000000716500000, 0x0000000716500000|100%| E|CS|TAMS 0x0000000716400000, 0x0000000716400000| Complete 
| 187|0x0000000716500000, 0x0000000716600000, 0x0000000716600000|100%| E|CS|TAMS 0x0000000716500000, 0x0000000716500000| Complete 
| 188|0x0000000716600000, 0x0000000716700000, 0x0000000716700000|100%| E|CS|TAMS 0x0000000716600000, 0x0000000716600000| Complete 
| 189|0x0000000716700000, 0x0000000716800000, 0x0000000716800000|100%| E|CS|TAMS 0x0000000716700000, 0x0000000716700000| Complete 
| 190|0x0000000716800000, 0x0000000716900000, 0x0000000716900000|100%| E|CS|TAMS 0x0000000716800000, 0x0000000716800000| Complete 
| 191|0x0000000716900000, 0x0000000716a00000, 0x0000000716a00000|100%| E|CS|TAMS 0x0000000716900000, 0x0000000716900000| Complete 
| 192|0x0000000716a00000, 0x0000000716b00000, 0x0000000716b00000|100%| E|CS|TAMS 0x0000000716a00000, 0x0000000716a00000| Complete 
| 193|0x0000000716b00000, 0x0000000716c00000, 0x0000000716c00000|100%| E|CS|TAMS 0x0000000716b00000, 0x0000000716b00000| Complete 
| 194|0x0000000716c00000, 0x0000000716d00000, 0x0000000716d00000|100%| E|CS|TAMS 0x0000000716c00000, 0x0000000716c00000| Complete 
| 195|0x0000000716d00000, 0x0000000716e00000, 0x0000000716e00000|100%| E|CS|TAMS 0x0000000716d00000, 0x0000000716d00000| Complete 
| 196|0x0000000716e00000, 0x0000000716f00000, 0x0000000716f00000|100%| E|CS|TAMS 0x0000000716e00000, 0x0000000716e00000| Complete 
| 197|0x0000000716f00000, 0x0000000717000000, 0x0000000717000000|100%| E|CS|TAMS 0x0000000716f00000, 0x0000000716f00000| Complete 
| 198|0x0000000717000000, 0x0000000717100000, 0x0000000717100000|100%| E|CS|TAMS 0x0000000717000000, 0x0000000717000000| Complete 
| 199|0x0000000717100000, 0x0000000717200000, 0x0000000717200000|100%| E|CS|TAMS 0x0000000717100000, 0x0000000717100000| Complete 
| 200|0x0000000717200000, 0x0000000717300000, 0x0000000717300000|100%| E|CS|TAMS 0x0000000717200000, 0x0000000717200000| Complete 
| 201|0x0000000717300000, 0x0000000717400000, 0x0000000717400000|100%| E|CS|TAMS 0x0000000717300000, 0x0000000717300000| Complete 
| 202|0x0000000717400000, 0x0000000717500000, 0x0000000717500000|100%| E|CS|TAMS 0x0000000717400000, 0x0000000717400000| Complete 
| 203|0x0000000717500000, 0x0000000717600000, 0x0000000717600000|100%| E|CS|TAMS 0x0000000717500000, 0x0000000717500000| Complete 
| 204|0x0000000717600000, 0x0000000717700000, 0x0000000717700000|100%| E|CS|TAMS 0x0000000717600000, 0x0000000717600000| Complete 
| 205|0x0000000717700000, 0x0000000717800000, 0x0000000717800000|100%| E|CS|TAMS 0x0000000717700000, 0x0000000717700000| Complete 
| 206|0x0000000717800000, 0x0000000717900000, 0x0000000717900000|100%| E|CS|TAMS 0x0000000717800000, 0x0000000717800000| Complete 
| 207|0x0000000717900000, 0x0000000717a00000, 0x0000000717a00000|100%| E|CS|TAMS 0x0000000717900000, 0x0000000717900000| Complete 
| 208|0x0000000717a00000, 0x0000000717b00000, 0x0000000717b00000|100%| E|CS|TAMS 0x0000000717a00000, 0x0000000717a00000| Complete 
| 209|0x0000000717b00000, 0x0000000717c00000, 0x0000000717c00000|100%| E|CS|TAMS 0x0000000717b00000, 0x0000000717b00000| Complete 
| 210|0x0000000717c00000, 0x0000000717d00000, 0x0000000717d00000|100%| E|CS|TAMS 0x0000000717c00000, 0x0000000717c00000| Complete 
| 211|0x0000000717d00000, 0x0000000717e00000, 0x0000000717e00000|100%| E|CS|TAMS 0x0000000717d00000, 0x0000000717d00000| Complete 
| 212|0x0000000717e00000, 0x0000000717f00000, 0x0000000717f00000|100%| E|CS|TAMS 0x0000000717e00000, 0x0000000717e00000| Complete 
| 213|0x0000000717f00000, 0x0000000718000000, 0x0000000718000000|100%| E|CS|TAMS 0x0000000717f00000, 0x0000000717f00000| Complete 
| 214|0x0000000718000000, 0x0000000718100000, 0x0000000718100000|100%| E|CS|TAMS 0x0000000718000000, 0x0000000718000000| Complete 
| 215|0x0000000718100000, 0x0000000718200000, 0x0000000718200000|100%| E|CS|TAMS 0x0000000718100000, 0x0000000718100000| Complete 
| 216|0x0000000718200000, 0x0000000718300000, 0x0000000718300000|100%| E|CS|TAMS 0x0000000718200000, 0x0000000718200000| Complete 
| 217|0x0000000718300000, 0x0000000718400000, 0x0000000718400000|100%| E|CS|TAMS 0x0000000718300000, 0x0000000718300000| Complete 
| 218|0x0000000718400000, 0x0000000718500000, 0x0000000718500000|100%| E|CS|TAMS 0x0000000718400000, 0x0000000718400000| Complete 
| 219|0x0000000718500000, 0x0000000718600000, 0x0000000718600000|100%| S|CS|TAMS 0x0000000718500000, 0x0000000718500000| Complete 
| 220|0x0000000718600000, 0x0000000718700000, 0x0000000718700000|100%| S|CS|TAMS 0x0000000718600000, 0x0000000718600000| Complete 
| 221|0x0000000718700000, 0x0000000718800000, 0x0000000718800000|100%| S|CS|TAMS 0x0000000718700000, 0x0000000718700000| Complete 
| 222|0x0000000718800000, 0x0000000718900000, 0x0000000718900000|100%| E|CS|TAMS 0x0000000718800000, 0x0000000718800000| Complete 
| 223|0x0000000718900000, 0x0000000718a00000, 0x0000000718a00000|100%| E|CS|TAMS 0x0000000718900000, 0x0000000718900000| Complete 
| 224|0x0000000718a00000, 0x0000000718b00000, 0x0000000718b00000|100%| E|CS|TAMS 0x0000000718a00000, 0x0000000718a00000| Complete 
| 225|0x0000000718b00000, 0x0000000718c00000, 0x0000000718c00000|100%| E|CS|TAMS 0x0000000718b00000, 0x0000000718b00000| Complete 
| 226|0x0000000718c00000, 0x0000000718d00000, 0x0000000718d00000|100%| E|CS|TAMS 0x0000000718c00000, 0x0000000718c00000| Complete 
| 227|0x0000000718d00000, 0x0000000718e00000, 0x0000000718e00000|100%| E|CS|TAMS 0x0000000718d00000, 0x0000000718d00000| Complete 
| 228|0x0000000718e00000, 0x0000000718f00000, 0x0000000718f00000|100%| E|CS|TAMS 0x0000000718e00000, 0x0000000718e00000| Complete 
| 229|0x0000000718f00000, 0x0000000719000000, 0x0000000719000000|100%| E|CS|TAMS 0x0000000718f00000, 0x0000000718f00000| Complete 
| 230|0x0000000719000000, 0x0000000719100000, 0x0000000719100000|100%| E|CS|TAMS 0x0000000719000000, 0x0000000719000000| Complete 
| 231|0x0000000719100000, 0x0000000719200000, 0x0000000719200000|100%| E|CS|TAMS 0x0000000719100000, 0x0000000719100000| Complete 
| 232|0x0000000719200000, 0x0000000719300000, 0x0000000719300000|100%| E|CS|TAMS 0x0000000719200000, 0x0000000719200000| Complete 
| 233|0x0000000719300000, 0x0000000719400000, 0x0000000719400000|100%| E|CS|TAMS 0x0000000719300000, 0x0000000719300000| Complete 
| 234|0x0000000719400000, 0x0000000719500000, 0x0000000719500000|100%| E|CS|TAMS 0x0000000719400000, 0x0000000719400000| Complete 
| 235|0x0000000719500000, 0x0000000719600000, 0x0000000719600000|100%| E|CS|TAMS 0x0000000719500000, 0x0000000719500000| Complete 
| 236|0x0000000719600000, 0x0000000719700000, 0x0000000719700000|100%| E|CS|TAMS 0x0000000719600000, 0x0000000719600000| Complete 
| 237|0x0000000719700000, 0x0000000719800000, 0x0000000719800000|100%| E|CS|TAMS 0x0000000719700000, 0x0000000719700000| Complete 
| 238|0x0000000719800000, 0x0000000719900000, 0x0000000719900000|100%| E|CS|TAMS 0x0000000719800000, 0x0000000719800000| Complete 
| 239|0x0000000719900000, 0x0000000719a00000, 0x0000000719a00000|100%| E|CS|TAMS 0x0000000719900000, 0x0000000719900000| Complete 
| 240|0x0000000719a00000, 0x0000000719b00000, 0x0000000719b00000|100%| E|CS|TAMS 0x0000000719a00000, 0x0000000719a00000| Complete 
| 241|0x0000000719b00000, 0x0000000719c00000, 0x0000000719c00000|100%| E|CS|TAMS 0x0000000719b00000, 0x0000000719b00000| Complete 
| 242|0x0000000719c00000, 0x0000000719d00000, 0x0000000719d00000|100%| E|CS|TAMS 0x0000000719c00000, 0x0000000719c00000| Complete 
| 243|0x0000000719d00000, 0x0000000719e00000, 0x0000000719e00000|100%| E|CS|TAMS 0x0000000719d00000, 0x0000000719d00000| Complete 
| 244|0x0000000719e00000, 0x0000000719f00000, 0x0000000719f00000|100%| E|CS|TAMS 0x0000000719e00000, 0x0000000719e00000| Complete 
| 245|0x0000000719f00000, 0x000000071a000000, 0x000000071a000000|100%| E|CS|TAMS 0x0000000719f00000, 0x0000000719f00000| Complete 

Card table byte_map: [0x00007fc2749a6000,0x00007fc275151000] _byte_map_base: 0x00007fc271151000

Marking Bits (Prev, Next): (CMBitMap*) 0x00007fc28c08aa78, (CMBitMap*) 0x00007fc28c08aab0
 Prev Bits: [0x00007fc26c2a8000, 0x00007fc270000000)
 Next Bits: [0x00007fc268550000, 0x00007fc26c2a8000)

Polling page: 0x00007fc293308000

Metaspace:

Usage:
  Non-class:      8,45 MB capacity,     8,36 MB ( 99%) used,    86,45 KB ( <1%) free+waste,     7,62 KB ( <1%) overhead. 
      Class:    905,00 KB capacity,   862,14 KB ( 95%) used,    39,80 KB (  4%) free+waste,     3,06 KB ( <1%) overhead. 
       Both:      9,33 MB capacity,     9,20 MB ( 99%) used,   126,25 KB (  1%) free+waste,    10,69 KB ( <1%) overhead. 

Virtual space:
  Non-class space:       10,00 MB reserved,       8,75 MB ( 88%) committed 
      Class space:        1,00 GB reserved,       1,00 MB ( <1%) committed 
             Both:        1,01 GB reserved,       9,75 MB ( <1%) committed 

Chunk freelists:
   Non-Class:  6,75 KB
       Class:  2,88 KB
        Both:  9,62 KB

CodeHeap 'non-profiled nmethods': size=120032Kb used=453Kb max_used=453Kb free=119578Kb
 bounds [0x00007fc27d3c4000, 0x00007fc27d634000, 0x00007fc2848fc000]
CodeHeap 'profiled nmethods': size=120028Kb used=1916Kb max_used=1916Kb free=118111Kb
 bounds [0x00007fc275e8d000, 0x00007fc2760fd000, 0x00007fc27d3c4000]
CodeHeap 'non-nmethods': size=5700Kb used=1070Kb max_used=1121Kb free=4629Kb
 bounds [0x00007fc2758fc000, 0x00007fc275b6c000, 0x00007fc275e8d000]
 total_blobs=1431 nmethods=1051 adapters=293
 compilation: enabled
              stopped_count=0, restarted_count=0
 full_count=0

Compilation events (10 events):
Event: 5,433 Thread 0x00007fc28c225800 1041       3       java.lang.Math::abs (11 bytes)
Event: 5,433 Thread 0x00007fc28c225800 nmethod 1041 0x00007fc276069310 code [0x00007fc2760694a0, 0x00007fc2760695d0]
Event: 5,433 Thread 0x00007fc28c225800 1042       3       org.bytedeco.javacpp.BytePointer::<init> (78 bytes)
Event: 5,434 Thread 0x00007fc28c225800 nmethod 1042 0x00007fc276069690 code [0x00007fc276069980, 0x00007fc27606a8d0]
Event: 5,434 Thread 0x00007fc28c225800 1043       3       org.bytedeco.javacpp.Pointer::<init> (105 bytes)
Event: 5,435 Thread 0x00007fc28c225800 nmethod 1043 0x00007fc27606ae90 code [0x00007fc27606b0a0, 0x00007fc27606b840]
Event: 11,533 Thread 0x00007fc28c223800 1049       4       org.bytedeco.javacpp.Pointer::<init> (86 bytes)
Event: 11,534 Thread 0x00007fc28c223800 nmethod 1049 0x00007fc27d435190 code [0x00007fc27d435320, 0x00007fc27d435458]
Event: 13,473 Thread 0x00007fc28c225800 1050       3       java.lang.String::valueOf (14 bytes)
Event: 13,474 Thread 0x00007fc28c225800 nmethod 1050 0x00007fc27606ba10 code [0x00007fc27606bbc0, 0x00007fc27606bdc0]

GC Heap History (2 events):
Event: 0,275 GC heap before
{Heap before GC invocations=0 (full 0):
 garbage-first heap   total 251904K, used 23552K [0x000000070aa00000, 0x0000000800000000)
  region size 1024K, 24 young (24576K), 0 survivors (0K)
 Metaspace       used 7476K, capacity 7616K, committed 7936K, reserved 1056768K
  class space    used 616K, capacity 644K, committed 768K, reserved 1048576K
}
Event: 0,281 GC heap after
{Heap after GC invocations=1 (full 0):
 garbage-first heap   total 251904K, used 4670K [0x000000070aa00000, 0x0000000800000000)
  region size 1024K, 3 young (3072K), 3 survivors (3072K)
 Metaspace       used 7476K, capacity 7616K, committed 7936K, reserved 1056768K
  class space    used 616K, capacity 644K, committed 768K, reserved 1048576K
}

Deoptimization events (3 events):
Event: 0,066 Thread 0x00007fc28c027000 Uncommon trap: reason=unstable_if action=reinterpret pc=0x00007fc27d3ca01c method=java.lang.String.hashCode()I @ 14 c2
Event: 0,302 Thread 0x00007fc28c027000 Uncommon trap: reason=unstable_if action=reinterpret pc=0x00007fc27d3f1f80 method=java.util.jar.JarFile.getVersionedEntry(Ljava/lang/String;Ljava/util/jar/JarEntry;)Ljava/util/jar/JarEntry; @ 7 c2
Event: 4,967 Thread 0x00007fc28cbd3800 Uncommon trap: reason=unstable_if action=reinterpret pc=0x00007fc27d4274b0 method=java.lang.ThreadLocal.get()Ljava/lang/Object; @ 11 c2

Classes redefined (0 events):
No events

Internal exceptions (10 events):
Event: 0,238 Thread 0x00007fc28c027000 Exception <a 'java/security/PrivilegedActionException'{0x000000071945efa0}> (0x000000071945efa0) thrown at [./open/src/hotspot/share/prims/jvm.cpp, line 1305]
Event: 0,238 Thread 0x00007fc28c027000 Exception <a 'java/security/PrivilegedActionException'{0x000000071945fb30}> (0x000000071945fb30) thrown at [./open/src/hotspot/share/prims/jvm.cpp, line 1305]
Event: 0,238 Thread 0x00007fc28c027000 Exception <a 'java/security/PrivilegedActionException'{0x000000071945fe00}> (0x000000071945fe00) thrown at [./open/src/hotspot/share/prims/jvm.cpp, line 1305]
Event: 0,238 Thread 0x00007fc28c027000 Exception <a 'java/security/PrivilegedActionException'{0x0000000719460970}> (0x0000000719460970) thrown at [./open/src/hotspot/share/prims/jvm.cpp, line 1305]
Event: 0,238 Thread 0x00007fc28c027000 Exception <a 'java/security/PrivilegedActionException'{0x0000000719460c40}> (0x0000000719460c40) thrown at [./open/src/hotspot/share/prims/jvm.cpp, line 1305]
Event: 0,238 Thread 0x00007fc28c027000 Exception <a 'java/security/PrivilegedActionException'{0x00000007194617d0}> (0x00000007194617d0) thrown at [./open/src/hotspot/share/prims/jvm.cpp, line 1305]
Event: 0,238 Thread 0x00007fc28c027000 Exception <a 'java/security/PrivilegedActionException'{0x0000000719461aa0}> (0x0000000719461aa0) thrown at [./open/src/hotspot/share/prims/jvm.cpp, line 1305]
Event: 4,967 Thread 0x00007fc28cbd3800 Implicit null exception at 0x00007fc27d42737c to 0x00007fc27d42749c
Event: 13,473 Thread 0x00007fc28cbd3800 Exception <a 'java/io/IOException'{0x00000007130073d0}> (0x00000007130073d0) thrown at [./open/src/hotspot/share/prims/jni.cpp, line 611]
Event: 13,474 Thread 0x00007fc28cbd3800 Exception <a 'java/io/IOException'{0x0000000713007760}> (0x0000000713007760) thrown at [./open/src/hotspot/share/prims/jni.cpp, line 611]

Events (10 events):
Event: 4,967 Executing VM operation: RevokeBias done
Event: 4,967 Thread 0x00007fc28cbd3800 Uncommon trap: trap_request=0xffffff4d fr.pc=0x00007fc27d4274b0 relative=0x0000000000000170
Event: 4,967 Thread 0x00007fc28cbd3800 DEOPT PACKING pc=0x00007fc27d4274b0 sp=0x00007fc22c45d280
Event: 4,967 Thread 0x00007fc28cbd3800 DEOPT UNPACKING pc=0x00007fc275921925 sp=0x00007fc22c45d238 mode 2
Event: 13,473 loading class jdk/internal/misc/Signal$1
Event: 13,473 loading class jdk/internal/misc/Signal$1 done
Event: 13,473 loading class java/io/InterruptedIOException
Event: 13,473 loading class java/io/InterruptedIOException done
Event: 13,474 Thread 0x00007fc240001000 Thread added: 0x00007fc240001000
Event: 13,474 loading class java/lang/Shutdown


Dynamic libraries:
70aa00000-71a000000 rw-p 00000000 00:00 0 
71a000000-800000000 ---p 00000000 00:00 0 
800000000-800100000 rw-p 00000000 00:00 0 
800100000-840000000 ---p 00000000 00:00 0 
55a216c00000-55a216c01000 r-xp 00000000 08:04 671803                     /opt/jdk-11.0.14/bin/java
55a216e01000-55a216e02000 r--p 00001000 08:04 671803                     /opt/jdk-11.0.14/bin/java
55a216e02000-55a216e03000 rw-p 00002000 08:04 671803                     /opt/jdk-11.0.14/bin/java
55a218ac6000-55a218ae7000 rw-p 00000000 00:00 0                          [heap]
7fc1d0000000-7fc1d0021000 rw-p 00000000 00:00 0 
7fc1d0021000-7fc1d4000000 ---p 00000000 00:00 0 
7fc1d8000000-7fc1d8429000 rw-p 00000000 00:00 0 
7fc1d8429000-7fc1dc000000 ---p 00000000 00:00 0 
7fc1dc000000-7fc1dc3d1000 rw-p 00000000 00:00 0 
7fc1dc3d1000-7fc1e0000000 ---p 00000000 00:00 0 
7fc1e0000000-7fc1e04c8000 rw-p 00000000 00:00 0 
7fc1e04c8000-7fc1e4000000 ---p 00000000 00:00 0 
7fc1e4000000-7fc1e4494000 rw-p 00000000 00:00 0 
7fc1e4494000-7fc1e8000000 ---p 00000000 00:00 0 
7fc1e8000000-7fc1e83c9000 rw-p 00000000 00:00 0 
7fc1e83c9000-7fc1ec000000 ---p 00000000 00:00 0 
7fc1ec000000-7fc1ec6cf000 rw-p 00000000 00:00 0 
7fc1ec6cf000-7fc1f0000000 ---p 00000000 00:00 0 
7fc1f0000000-7fc1f05c8000 rw-p 00000000 00:00 0 
7fc1f05c8000-7fc1f4000000 ---p 00000000 00:00 0 
7fc1f4000000-7fc1f4747000 rw-p 00000000 00:00 0 
7fc1f4747000-7fc1f8000000 ---p 00000000 00:00 0 
7fc1f8000000-7fc1f861c000 rw-p 00000000 00:00 0 
7fc1f861c000-7fc1fc000000 ---p 00000000 00:00 0 
7fc1fe6ae000-7fc200000000 rw-p 00000000 00:00 0 
7fc200000000-7fc2006b3000 rw-p 00000000 00:00 0 
7fc2006b3000-7fc204000000 ---p 00000000 00:00 0 
7fc204109000-7fc204705000 rw-p 00000000 00:00 0 
7fc204705000-7fc204706000 ---p 00000000 00:00 0 
7fc204706000-7fc204f06000 rw-p 00000000 00:00 0 
7fc204f06000-7fc204f07000 ---p 00000000 00:00 0 
7fc204f07000-7fc205707000 rw-p 00000000 00:00 0 
7fc205707000-7fc205708000 ---p 00000000 00:00 0 
7fc205708000-7fc205f08000 rw-p 00000000 00:00 0 
7fc205f08000-7fc205f09000 ---p 00000000 00:00 0 
7fc205f09000-7fc206709000 rw-p 00000000 00:00 0 
7fc206709000-7fc20670a000 ---p 00000000 00:00 0 
7fc20670a000-7fc207208000 rw-p 00000000 00:00 0 
7fc2077f7000-7fc2077f8000 ---p 00000000 00:00 0 
7fc2077f8000-7fc207ff8000 rw-p 00000000 00:00 0 
7fc207ff8000-7fc207ff9000 ---p 00000000 00:00 0 
7fc207ff9000-7fc2087f9000 rw-p 00000000 00:00 0 
7fc2087f9000-7fc2087fa000 ---p 00000000 00:00 0 
7fc2087fa000-7fc208ffa000 rw-p 00000000 00:00 0 
7fc208ffa000-7fc208ffb000 ---p 00000000 00:00 0 
7fc208ffb000-7fc2097fb000 rw-p 00000000 00:00 0 
7fc20c000000-7fc20c021000 rw-p 00000000 00:00 0 
7fc20c021000-7fc210000000 ---p 00000000 00:00 0 
7fc210000000-7fc210021000 rw-p 00000000 00:00 0 
7fc210021000-7fc214000000 ---p 00000000 00:00 0 
7fc214000000-7fc214021000 rw-p 00000000 00:00 0 
7fc214021000-7fc218000000 ---p 00000000 00:00 0 
7fc218000000-7fc218021000 rw-p 00000000 00:00 0 
7fc218021000-7fc21c000000 ---p 00000000 00:00 0 
7fc21c000000-7fc21c517000 rw-p 00000000 00:00 0 
7fc21c517000-7fc220000000 ---p 00000000 00:00 0 
7fc220000000-7fc220442000 rw-p 00000000 00:00 0 
7fc220442000-7fc224000000 ---p 00000000 00:00 0 
7fc224000000-7fc224021000 rw-p 00000000 00:00 0 
7fc224021000-7fc228000000 ---p 00000000 00:00 0 
7fc228000000-7fc228021000 rw-p 00000000 00:00 0 
7fc228021000-7fc22c000000 ---p 00000000 00:00 0 
7fc22c061000-7fc22c35f000 rw-p 00000000 00:00 0 
7fc22c35f000-7fc22c363000 ---p 00000000 00:00 0 
7fc22c363000-7fc22c51f000 rw-p 00000000 00:00 0 
7fc22c51f000-7fc22c65f000 ---p 00000000 00:00 0 
7fc22c65f000-7fc22c6f5000 r--p 00000000 08:04 812795                     /home/nycrera/.javacpp/cache/ffmpeg-5.0-1.5.7-linux-x86_64.jar/org/bytedeco/ffmpeg/linux-x86_64/libavformat.so.59
7fc22c6f5000-7fc22cc31000 r-xp 00096000 08:04 812795                     /home/nycrera/.javacpp/cache/ffmpeg-5.0-1.5.7-linux-x86_64.jar/org/bytedeco/ffmpeg/linux-x86_64/libavformat.so.59
7fc22cc31000-7fc22cdaa000 r--p 005d2000 08:04 812795                     /home/nycrera/.javacpp/cache/ffmpeg-5.0-1.5.7-linux-x86_64.jar/org/bytedeco/ffmpeg/linux-x86_64/libavformat.so.59
7fc22cdaa000-7fc22cdab000 ---p 0074b000 08:04 812795                     /home/nycrera/.javacpp/cache/ffmpeg-5.0-1.5.7-linux-x86_64.jar/org/bytedeco/ffmpeg/linux-x86_64/libavformat.so.59
7fc22cdab000-7fc22ce15000 r--p 0074b000 08:04 812795                     /home/nycrera/.javacpp/cache/ffmpeg-5.0-1.5.7-linux-x86_64.jar/org/bytedeco/ffmpeg/linux-x86_64/libavformat.so.59
7fc22ce15000-7fc22ce1d000 rw-p 007b5000 08:04 812795                     /home/nycrera/.javacpp/cache/ffmpeg-5.0-1.5.7-linux-x86_64.jar/org/bytedeco/ffmpeg/linux-x86_64/libavformat.so.59
7fc22ce1d000-7fc22ce26000 rw-p 00000000 00:00 0 
7fc22ce26000-7fc22cea0000 r--p 00000000 08:04 812792                     /home/nycrera/.javacpp/cache/ffmpeg-5.0-1.5.7-linux-x86_64.jar/org/bytedeco/ffmpeg/linux-x86_64/libavcodec.so.59
7fc22cea0000-7fc22dc9e000 r-xp 0007a000 08:04 812792                     /home/nycrera/.javacpp/cache/ffmpeg-5.0-1.5.7-linux-x86_64.jar/org/bytedeco/ffmpeg/linux-x86_64/libavcodec.so.59
7fc22dc9e000-7fc22e064000 r--p 00e78000 08:04 812792                     /home/nycrera/.javacpp/cache/ffmpeg-5.0-1.5.7-linux-x86_64.jar/org/bytedeco/ffmpeg/linux-x86_64/libavcodec.so.59
7fc22e064000-7fc22e0d2000 r--p 0123d000 08:04 812792                     /home/nycrera/.javacpp/cache/ffmpeg-5.0-1.5.7-linux-x86_64.jar/org/bytedeco/ffmpeg/linux-x86_64/libavcodec.so.59
7fc22e0d2000-7fc22e0db000 rw-p 012ab000 08:04 812792                     /home/nycrera/.javacpp/cache/ffmpeg-5.0-1.5.7-linux-x86_64.jar/org/bytedeco/ffmpeg/linux-x86_64/libavcodec.so.59
7fc22e0db000-7fc22e6e1000 rw-p 00000000 00:00 0 
7fc22e6e1000-7fc22e738000 r--p 00000000 08:04 812788                     /home/nycrera/.javacpp/cache/ffmpeg-5.0-1.5.7-linux-x86_64.jar/org/bytedeco/ffmpeg/linux-x86_64/libjniavutil.so
7fc22e738000-7fc22e7b8000 r-xp 00057000 08:04 812788                     /home/nycrera/.javacpp/cache/ffmpeg-5.0-1.5.7-linux-x86_64.jar/org/bytedeco/ffmpeg/linux-x86_64/libjniavutil.so
7fc22e7b8000-7fc22e7f0000 r--p 000d7000 08:04 812788                     /home/nycrera/.javacpp/cache/ffmpeg-5.0-1.5.7-linux-x86_64.jar/org/bytedeco/ffmpeg/linux-x86_64/libjniavutil.so
7fc22e7f0000-7fc22e7f1000 ---p 0010f000 08:04 812788                     /home/nycrera/.javacpp/cache/ffmpeg-5.0-1.5.7-linux-x86_64.jar/org/bytedeco/ffmpeg/linux-x86_64/libjniavutil.so
7fc22e7f1000-7fc22e7fd000 r--p 0010f000 08:04 812788                     /home/nycrera/.javacpp/cache/ffmpeg-5.0-1.5.7-linux-x86_64.jar/org/bytedeco/ffmpeg/linux-x86_64/libjniavutil.so
7fc22e7fd000-7fc22e7ff000 rw-p 0011b000 08:04 812788                     /home/nycrera/.javacpp/cache/ffmpeg-5.0-1.5.7-linux-x86_64.jar/org/bytedeco/ffmpeg/linux-x86_64/libjniavutil.so
7fc22e7ff000-7fc22e800000 rw-p 00000000 00:00 0 
7fc22e800000-7fc22e802000 r-xp 00000000 08:04 812784                     /home/nycrera/.javacpp/cache/ffmpeg-5.0-1.5.7-linux-x86_64.jar/org/bytedeco/ffmpeg/linux-x86_64/libva-drm.so.1
7fc22e802000-7fc22ea01000 ---p 00002000 08:04 812784                     /home/nycrera/.javacpp/cache/ffmpeg-5.0-1.5.7-linux-x86_64.jar/org/bytedeco/ffmpeg/linux-x86_64/libva-drm.so.1
7fc22ea01000-7fc22ea02000 r--p 00001000 08:04 812784                     /home/nycrera/.javacpp/cache/ffmpeg-5.0-1.5.7-linux-x86_64.jar/org/bytedeco/ffmpeg/linux-x86_64/libva-drm.so.1
7fc22ea02000-7fc22ea03000 rw-p 00002000 08:04 812784                     /home/nycrera/.javacpp/cache/ffmpeg-5.0-1.5.7-linux-x86_64.jar/org/bytedeco/ffmpeg/linux-x86_64/libva-drm.so.1
7fc22ea26000-7fc22ea37000 r--p 00000000 08:04 812786                     /home/nycrera/.javacpp/cache/ffmpeg-5.0-1.5.7-linux-x86_64.jar/org/bytedeco/ffmpeg/linux-x86_64/libavutil.so.57
7fc22ea37000-7fc22eac6000 r-xp 00011000 08:04 812786                     /home/nycrera/.javacpp/cache/ffmpeg-5.0-1.5.7-linux-x86_64.jar/org/bytedeco/ffmpeg/linux-x86_64/libavutil.so.57
7fc22eac6000-7fc22eae6000 r--p 000a0000 08:04 812786                     /home/nycrera/.javacpp/cache/ffmpeg-5.0-1.5.7-linux-x86_64.jar/org/bytedeco/ffmpeg/linux-x86_64/libavutil.so.57
7fc22eae6000-7fc22eae7000 ---p 000c0000 08:04 812786                     /home/nycrera/.javacpp/cache/ffmpeg-5.0-1.5.7-linux-x86_64.jar/org/bytedeco/ffmpeg/linux-x86_64/libavutil.so.57
7fc22eae7000-7fc22eaf0000 r--p 000c0000 08:04 812786                     /home/nycrera/.javacpp/cache/ffmpeg-5.0-1.5.7-linux-x86_64.jar/org/bytedeco/ffmpeg/linux-x86_64/libavutil.so.57
7fc22eaf0000-7fc22eaf1000 rw-p 000c9000 08:04 812786                     /home/nycrera/.javacpp/cache/ffmpeg-5.0-1.5.7-linux-x86_64.jar/org/bytedeco/ffmpeg/linux-x86_64/libavutil.so.57
7fc22eaf1000-7fc22ec00000 rw-p 00000000 00:00 0 
7fc22ec00000-7fc22ec10000 r-xp 00000000 08:04 812782                     /home/nycrera/.javacpp/cache/ffmpeg-5.0-1.5.7-linux-x86_64.jar/org/bytedeco/ffmpeg/linux-x86_64/libdrm.so.2
7fc22ec10000-7fc22ee0f000 ---p 00010000 08:04 812782                     /home/nycrera/.javacpp/cache/ffmpeg-5.0-1.5.7-linux-x86_64.jar/org/bytedeco/ffmpeg/linux-x86_64/libdrm.so.2
7fc22ee0f000-7fc22ee10000 r--p 0000f000 08:04 812782                     /home/nycrera/.javacpp/cache/ffmpeg-5.0-1.5.7-linux-x86_64.jar/org/bytedeco/ffmpeg/linux-x86_64/libdrm.so.2
7fc22ee10000-7fc22ee11000 rw-p 00010000 08:04 812782                     /home/nycrera/.javacpp/cache/ffmpeg-5.0-1.5.7-linux-x86_64.jar/org/bytedeco/ffmpeg/linux-x86_64/libdrm.so.2
7fc22eefa000-7fc22eefb000 ---p 00000000 00:00 0 
7fc22eefb000-7fc22effc000 rw-p 00000000 00:00 0 
7fc22effc000-7fc22effd000 ---p 00000000 00:00 0 
7fc22effd000-7fc22f0fe000 rw-p 00000000 00:00 0 
7fc22f0fe000-7fc22f0ff000 ---p 00000000 00:00 0 
7fc22f0ff000-7fc22f200000 rw-p 00000000 00:00 0 
7fc22f200000-7fc22f21f000 r-xp 00000000 08:04 812780                     /home/nycrera/.javacpp/cache/ffmpeg-5.0-1.5.7-linux-x86_64.jar/org/bytedeco/ffmpeg/linux-x86_64/libva.so.1
7fc22f21f000-7fc22f41e000 ---p 0001f000 08:04 812780                     /home/nycrera/.javacpp/cache/ffmpeg-5.0-1.5.7-linux-x86_64.jar/org/bytedeco/ffmpeg/linux-x86_64/libva.so.1
7fc22f41e000-7fc22f41f000 r--p 0001e000 08:04 812780                     /home/nycrera/.javacpp/cache/ffmpeg-5.0-1.5.7-linux-x86_64.jar/org/bytedeco/ffmpeg/linux-x86_64/libva.so.1
7fc22f41f000-7fc22f420000 rw-p 0001f000 08:04 812780                     /home/nycrera/.javacpp/cache/ffmpeg-5.0-1.5.7-linux-x86_64.jar/org/bytedeco/ffmpeg/linux-x86_64/libva.so.1
7fc22f4c7000-7fc22f4c8000 ---p 00000000 00:00 0 
7fc22f4c8000-7fc22f5c9000 rw-p 00000000 00:00 0 
7fc22f5c9000-7fc22f662000 r--p 00000000 08:04 400354                     /usr/lib/libstdc++.so.6.0.30
7fc22f662000-7fc22f778000 r-xp 00099000 08:04 400354                     /usr/lib/libstdc++.so.6.0.30
7fc22f778000-7fc22f7ef000 r--p 001af000 08:04 400354                     /usr/lib/libstdc++.so.6.0.30
7fc22f7ef000-7fc22f7fc000 r--p 00225000 08:04 400354                     /usr/lib/libstdc++.so.6.0.30
7fc22f7fc000-7fc22f7fd000 rw-p 00232000 08:04 400354                     /usr/lib/libstdc++.so.6.0.30
7fc22f7fd000-7fc22f800000 rw-p 00000000 00:00 0 
7fc22f800000-7fc22f815000 r-xp 00000000 08:04 672294                     /opt/jdk-11.0.14/lib/libnet.so
7fc22f815000-7fc22fa15000 ---p 00015000 08:04 672294                     /opt/jdk-11.0.14/lib/libnet.so
7fc22fa15000-7fc22fa16000 r--p 00015000 08:04 672294                     /opt/jdk-11.0.14/lib/libnet.so
7fc22fa16000-7fc22fa17000 rw-p 00016000 08:04 672294                     /opt/jdk-11.0.14/lib/libnet.so
7fc22fc00000-7fc22fc10000 r-xp 00000000 08:04 672295                     /opt/jdk-11.0.14/lib/libnio.so
7fc22fc10000-7fc22fe10000 ---p 00010000 08:04 672295                     /opt/jdk-11.0.14/lib/libnio.so
7fc22fe10000-7fc22fe11000 r--p 00010000 08:04 672295                     /opt/jdk-11.0.14/lib/libnio.so
7fc22fe11000-7fc22fe12000 rw-p 00011000 08:04 672295                     /opt/jdk-11.0.14/lib/libnio.so
7fc22ff00000-7fc22ff04000 ---p 00000000 00:00 0 
7fc22ff04000-7fc230000000 rw-p 00000000 00:00 0 
7fc230000000-7fc230021000 rw-p 00000000 00:00 0 
7fc230021000-7fc234000000 ---p 00000000 00:00 0 
7fc234000000-7fc234021000 rw-p 00000000 00:00 0 
7fc234021000-7fc238000000 ---p 00000000 00:00 0 
7fc238000000-7fc238738000 rw-p 00000000 00:00 0 
7fc238738000-7fc23c000000 ---p 00000000 00:00 0 
7fc23c000000-7fc23c4b1000 rw-p 00000000 00:00 0 
7fc23c4b1000-7fc240000000 ---p 00000000 00:00 0 
7fc240000000-7fc240021000 rw-p 00000000 00:00 0 
7fc240021000-7fc244000000 ---p 00000000 00:00 0 
7fc244000000-7fc244021000 rw-p 00000000 00:00 0 
7fc244021000-7fc248000000 ---p 00000000 00:00 0 
7fc248000000-7fc248021000 rw-p 00000000 00:00 0 
7fc248021000-7fc24c000000 ---p 00000000 00:00 0 
7fc24c000000-7fc24c021000 rw-p 00000000 00:00 0 
7fc24c021000-7fc250000000 ---p 00000000 00:00 0 
7fc250000000-7fc250021000 rw-p 00000000 00:00 0 
7fc250021000-7fc254000000 ---p 00000000 00:00 0 
7fc254000000-7fc254021000 rw-p 00000000 00:00 0 
7fc254021000-7fc258000000 ---p 00000000 00:00 0 
7fc258000000-7fc258021000 rw-p 00000000 00:00 0 
7fc258021000-7fc25c000000 ---p 00000000 00:00 0 
7fc25c000000-7fc25c021000 rw-p 00000000 00:00 0 
7fc25c021000-7fc260000000 ---p 00000000 00:00 0 
7fc26005b000-7fc26005f000 ---p 00000000 00:00 0 
7fc26005f000-7fc26015b000 rw-p 00000000 00:00 0 
7fc26015b000-7fc26015f000 ---p 00000000 00:00 0 
7fc26015f000-7fc26025b000 rw-p 00000000 00:00 0 
7fc26025b000-7fc26025c000 ---p 00000000 00:00 0 
7fc26025c000-7fc26035d000 rw-p 00000000 00:00 0 
7fc26035d000-7fc260361000 ---p 00000000 00:00 0 
7fc260361000-7fc26045d000 rw-p 00000000 00:00 0 
7fc26045d000-7fc260461000 ---p 00000000 00:00 0 
7fc260461000-7fc26055d000 rw-p 00000000 00:00 0 
7fc26055d000-7fc260561000 ---p 00000000 00:00 0 
7fc260561000-7fc26065d000 rw-p 00000000 00:00 0 
7fc26065d000-7fc260661000 ---p 00000000 00:00 0 
7fc260661000-7fc26075d000 rw-p 00000000 00:00 0 
7fc26075d000-7fc260761000 ---p 00000000 00:00 0 
7fc260761000-7fc26085d000 rw-p 00000000 00:00 0 
7fc26085d000-7fc260df5000 r--p 00000000 08:04 401424                     /usr/lib/locale/locale-archive
7fc260df5000-7fc260df9000 ---p 00000000 00:00 0 
7fc260df9000-7fc260ef5000 rw-p 00000000 00:00 0 
7fc260ef5000-7fc260ef9000 ---p 00000000 00:00 0 
7fc260ef9000-7fc260ff5000 rw-p 00000000 00:00 0 
7fc260ff5000-7fc260ff6000 ---p 00000000 00:00 0 
7fc260ff6000-7fc2618f7000 rw-p 00000000 00:00 0 
7fc2618f7000-7fc2618f8000 ---p 00000000 00:00 0 
7fc2618f8000-7fc2619f9000 rw-p 00000000 00:00 0 
7fc2619f9000-7fc2619fa000 ---p 00000000 00:00 0 
7fc2619fa000-7fc264000000 rw-p 00000000 00:00 0 
7fc264000000-7fc264021000 rw-p 00000000 00:00 0 
7fc264021000-7fc268000000 ---p 00000000 00:00 0 
7fc268049000-7fc26834c000 rw-p 00000000 00:00 0 
7fc26834c000-7fc26834d000 ---p 00000000 00:00 0 
7fc26834d000-7fc26844e000 rw-p 00000000 00:00 0 
7fc26844e000-7fc26844f000 ---p 00000000 00:00 0 
7fc26844f000-7fc268928000 rw-p 00000000 00:00 0 
7fc268928000-7fc26c2a8000 ---p 00000000 00:00 0 
7fc26c2a8000-7fc26c680000 rw-p 00000000 00:00 0 
7fc26c680000-7fc270000000 ---p 00000000 00:00 0 
7fc270000000-7fc270021000 rw-p 00000000 00:00 0 
7fc270021000-7fc274000000 ---p 00000000 00:00 0 
7fc2740fd000-7fc274276000 rw-p 00000000 00:00 0 
7fc274276000-7fc2749a6000 ---p 00000000 00:00 0 
7fc2749a6000-7fc274a21000 rw-p 00000000 00:00 0 
7fc274a21000-7fc275151000 ---p 00000000 00:00 0 
7fc275151000-7fc2751cc000 rw-p 00000000 00:00 0 
7fc2751cc000-7fc2758fc000 ---p 00000000 00:00 0 
7fc2758fc000-7fc275b6c000 rwxp 00000000 00:00 0 
7fc275b6c000-7fc275e8d000 ---p 00000000 00:00 0 
7fc275e8d000-7fc2760fd000 rwxp 00000000 00:00 0 
7fc2760fd000-7fc27d3c4000 ---p 00000000 00:00 0 
7fc27d3c4000-7fc27d634000 rwxp 00000000 00:00 0 
7fc27d634000-7fc2848fc000 ---p 00000000 00:00 0 
7fc2848fc000-7fc28c000000 r--s 00000000 08:04 672305                     /opt/jdk-11.0.14/lib/modules
7fc28c000000-7fc28f103000 rw-p 00000000 00:00 0 
7fc28f103000-7fc290000000 ---p 00000000 00:00 0 
7fc29004d000-7fc29007e000 r--p 00000000 08:04 812797                     /home/nycrera/.javacpp/cache/ffmpeg-5.0-1.5.7-linux-x86_64.jar/org/bytedeco/ffmpeg/linux-x86_64/libjniavformat.so
7fc29007e000-7fc2900c3000 r-xp 00031000 08:04 812797                     /home/nycrera/.javacpp/cache/ffmpeg-5.0-1.5.7-linux-x86_64.jar/org/bytedeco/ffmpeg/linux-x86_64/libjniavformat.so
7fc2900c3000-7fc2900e8000 r--p 00076000 08:04 812797                     /home/nycrera/.javacpp/cache/ffmpeg-5.0-1.5.7-linux-x86_64.jar/org/bytedeco/ffmpeg/linux-x86_64/libjniavformat.so
7fc2900e8000-7fc2900e9000 ---p 0009b000 08:04 812797                     /home/nycrera/.javacpp/cache/ffmpeg-5.0-1.5.7-linux-x86_64.jar/org/bytedeco/ffmpeg/linux-x86_64/libjniavformat.so
7fc2900e9000-7fc2900f6000 r--p 0009b000 08:04 812797                     /home/nycrera/.javacpp/cache/ffmpeg-5.0-1.5.7-linux-x86_64.jar/org/bytedeco/ffmpeg/linux-x86_64/libjniavformat.so
7fc2900f6000-7fc2900f7000 rw-p 000a8000 08:04 812797                     /home/nycrera/.javacpp/cache/ffmpeg-5.0-1.5.7-linux-x86_64.jar/org/bytedeco/ffmpeg/linux-x86_64/libjniavformat.so
7fc2900f7000-7fc290800000 rw-p 00000000 00:00 0 
7fc290800000-7fc290807000 r-xp 00000000 08:04 672304                     /opt/jdk-11.0.14/lib/libzip.so
7fc290807000-7fc290a06000 ---p 00007000 08:04 672304                     /opt/jdk-11.0.14/lib/libzip.so
7fc290a06000-7fc290a07000 r--p 00006000 08:04 672304                     /opt/jdk-11.0.14/lib/libzip.so
7fc290a07000-7fc290a08000 rw-p 00007000 08:04 672304                     /opt/jdk-11.0.14/lib/libzip.so
7fc290a12000-7fc290a19000 r--p 00000000 08:04 812800                     /home/nycrera/.javacpp/cache/ffmpeg-5.0-1.5.7-linux-x86_64.jar/org/bytedeco/ffmpeg/linux-x86_64/libjniswscale.so
7fc290a19000-7fc290a25000 r-xp 00007000 08:04 812800                     /home/nycrera/.javacpp/cache/ffmpeg-5.0-1.5.7-linux-x86_64.jar/org/bytedeco/ffmpeg/linux-x86_64/libjniswscale.so
7fc290a25000-7fc290a2a000 r--p 00013000 08:04 812800                     /home/nycrera/.javacpp/cache/ffmpeg-5.0-1.5.7-linux-x86_64.jar/org/bytedeco/ffmpeg/linux-x86_64/libjniswscale.so
7fc290a2a000-7fc290a2b000 ---p 00018000 08:04 812800                     /home/nycrera/.javacpp/cache/ffmpeg-5.0-1.5.7-linux-x86_64.jar/org/bytedeco/ffmpeg/linux-x86_64/libjniswscale.so
7fc290a2b000-7fc290a2c000 r--p 00018000 08:04 812800                     /home/nycrera/.javacpp/cache/ffmpeg-5.0-1.5.7-linux-x86_64.jar/org/bytedeco/ffmpeg/linux-x86_64/libjniswscale.so
7fc290a2c000-7fc290a2d000 rw-p 00019000 08:04 812800                     /home/nycrera/.javacpp/cache/ffmpeg-5.0-1.5.7-linux-x86_64.jar/org/bytedeco/ffmpeg/linux-x86_64/libjniswscale.so
7fc290a2d000-7fc290a63000 r--p 00000000 08:04 812794                     /home/nycrera/.javacpp/cache/ffmpeg-5.0-1.5.7-linux-x86_64.jar/org/bytedeco/ffmpeg/linux-x86_64/libjniavcodec.so
7fc290a63000-7fc290aae000 r-xp 00036000 08:04 812794                     /home/nycrera/.javacpp/cache/ffmpeg-5.0-1.5.7-linux-x86_64.jar/org/bytedeco/ffmpeg/linux-x86_64/libjniavcodec.so
7fc290aae000-7fc290adf000 r--p 00081000 08:04 812794                     /home/nycrera/.javacpp/cache/ffmpeg-5.0-1.5.7-linux-x86_64.jar/org/bytedeco/ffmpeg/linux-x86_64/libjniavcodec.so
7fc290adf000-7fc290ae0000 ---p 000b2000 08:04 812794                     /home/nycrera/.javacpp/cache/ffmpeg-5.0-1.5.7-linux-x86_64.jar/org/bytedeco/ffmpeg/linux-x86_64/libjniavcodec.so
7fc290ae0000-7fc290afc000 r--p 000b2000 08:04 812794                     /home/nycrera/.javacpp/cache/ffmpeg-5.0-1.5.7-linux-x86_64.jar/org/bytedeco/ffmpeg/linux-x86_64/libjniavcodec.so
7fc290afc000-7fc290afd000 rw-p 000ce000 08:04 812794                     /home/nycrera/.javacpp/cache/ffmpeg-5.0-1.5.7-linux-x86_64.jar/org/bytedeco/ffmpeg/linux-x86_64/libjniavcodec.so
7fc290afd000-7fc290c00000 rw-p 00000000 00:00 0 
7fc290c00000-7fc290c1b000 r-xp 00000000 08:04 672286                     /opt/jdk-11.0.14/lib/libjimage.so
7fc290c1b000-7fc290e1b000 ---p 0001b000 08:04 672286                     /opt/jdk-11.0.14/lib/libjimage.so
7fc290e1b000-7fc290e1d000 r--p 0001b000 08:04 672286                     /opt/jdk-11.0.14/lib/libjimage.so
7fc290e1d000-7fc290e1e000 rw-p 0001d000 08:04 672286                     /opt/jdk-11.0.14/lib/libjimage.so
7fc290e33000-7fc290e36000 r--p 00000000 08:04 812798                     /home/nycrera/.javacpp/cache/ffmpeg-5.0-1.5.7-linux-x86_64.jar/org/bytedeco/ffmpeg/linux-x86_64/libswscale.so.6
7fc290e36000-7fc290ead000 r-xp 00003000 08:04 812798                     /home/nycrera/.javacpp/cache/ffmpeg-5.0-1.5.7-linux-x86_64.jar/org/bytedeco/ffmpeg/linux-x86_64/libswscale.so.6
7fc290ead000-7fc290ebe000 r--p 0007a000 08:04 812798                     /home/nycrera/.javacpp/cache/ffmpeg-5.0-1.5.7-linux-x86_64.jar/org/bytedeco/ffmpeg/linux-x86_64/libswscale.so.6
7fc290ebe000-7fc290ebf000 ---p 0008b000 08:04 812798                     /home/nycrera/.javacpp/cache/ffmpeg-5.0-1.5.7-linux-x86_64.jar/org/bytedeco/ffmpeg/linux-x86_64/libswscale.so.6
7fc290ebf000-7fc290ec0000 r--p 0008b000 08:04 812798                     /home/nycrera/.javacpp/cache/ffmpeg-5.0-1.5.7-linux-x86_64.jar/org/bytedeco/ffmpeg/linux-x86_64/libswscale.so.6
7fc290ec0000-7fc290ec1000 rw-p 0008c000 08:04 812798                     /home/nycrera/.javacpp/cache/ffmpeg-5.0-1.5.7-linux-x86_64.jar/org/bytedeco/ffmpeg/linux-x86_64/libswscale.so.6
7fc290ec1000-7fc290ec9000 rw-p 00000000 00:00 0 
7fc290ec9000-7fc290ecf000 r--p 00000000 08:04 812791                     /home/nycrera/.javacpp/cache/ffmpeg-5.0-1.5.7-linux-x86_64.jar/org/bytedeco/ffmpeg/linux-x86_64/libjniswresample.so
7fc290ecf000-7fc290ed8000 r-xp 00006000 08:04 812791                     /home/nycrera/.javacpp/cache/ffmpeg-5.0-1.5.7-linux-x86_64.jar/org/bytedeco/ffmpeg/linux-x86_64/libjniswresample.so
7fc290ed8000-7fc290edc000 r--p 0000f000 08:04 812791                     /home/nycrera/.javacpp/cache/ffmpeg-5.0-1.5.7-linux-x86_64.jar/org/bytedeco/ffmpeg/linux-x86_64/libjniswresample.so
7fc290edc000-7fc290edd000 ---p 00013000 08:04 812791                     /home/nycrera/.javacpp/cache/ffmpeg-5.0-1.5.7-linux-x86_64.jar/org/bytedeco/ffmpeg/linux-x86_64/libjniswresample.so
7fc290edd000-7fc290ede000 r--p 00013000 08:04 812791                     /home/nycrera/.javacpp/cache/ffmpeg-5.0-1.5.7-linux-x86_64.jar/org/bytedeco/ffmpeg/linux-x86_64/libjniswresample.so
7fc290ede000-7fc290edf000 rw-p 00014000 08:04 812791                     /home/nycrera/.javacpp/cache/ffmpeg-5.0-1.5.7-linux-x86_64.jar/org/bytedeco/ffmpeg/linux-x86_64/libjniswresample.so
7fc290edf000-7fc290ee2000 r--p 00000000 08:04 812789                     /home/nycrera/.javacpp/cache/ffmpeg-5.0-1.5.7-linux-x86_64.jar/org/bytedeco/ffmpeg/linux-x86_64/libswresample.so.4
7fc290ee2000-7fc290ef6000 r-xp 00003000 08:04 812789                     /home/nycrera/.javacpp/cache/ffmpeg-5.0-1.5.7-linux-x86_64.jar/org/bytedeco/ffmpeg/linux-x86_64/libswresample.so.4
7fc290ef6000-7fc290efb000 r--p 00017000 08:04 812789                     /home/nycrera/.javacpp/cache/ffmpeg-5.0-1.5.7-linux-x86_64.jar/org/bytedeco/ffmpeg/linux-x86_64/libswresample.so.4
7fc290efb000-7fc290efd000 r--p 0001b000 08:04 812789                     /home/nycrera/.javacpp/cache/ffmpeg-5.0-1.5.7-linux-x86_64.jar/org/bytedeco/ffmpeg/linux-x86_64/libswresample.so.4
7fc290efd000-7fc290efe000 rw-p 0001d000 08:04 812789                     /home/nycrera/.javacpp/cache/ffmpeg-5.0-1.5.7-linux-x86_64.jar/org/bytedeco/ffmpeg/linux-x86_64/libswresample.so.4
7fc290efe000-7fc290eff000 ---p 00000000 00:00 0 
7fc290eff000-7fc291000000 rw-p 00000000 00:00 0 
7fc291000000-7fc29102a000 r-xp 00000000 08:04 672282                     /opt/jdk-11.0.14/lib/libjava.so
7fc29102a000-7fc291229000 ---p 0002a000 08:04 672282                     /opt/jdk-11.0.14/lib/libjava.so
7fc291229000-7fc29122a000 r--p 00029000 08:04 672282                     /opt/jdk-11.0.14/lib/libjava.so
7fc29122a000-7fc29122b000 rw-p 0002a000 08:04 672282                     /opt/jdk-11.0.14/lib/libjava.so
7fc29122b000-7fc29122c000 rw-p 00000000 00:00 0 
7fc291239000-7fc29131a000 rw-p 00000000 00:00 0 
7fc29131a000-7fc291400000 ---p 00000000 00:00 0 
7fc291400000-7fc29140d000 r-xp 00000000 08:04 672303                     /opt/jdk-11.0.14/lib/libverify.so
7fc29140d000-7fc29160c000 ---p 0000d000 08:04 672303                     /opt/jdk-11.0.14/lib/libverify.so
7fc29160c000-7fc29160e000 r--p 0000c000 08:04 672303                     /opt/jdk-11.0.14/lib/libverify.so
7fc29160e000-7fc29160f000 rw-p 0000e000 08:04 672303                     /opt/jdk-11.0.14/lib/libverify.so
7fc291615000-7fc29161a000 rw-p 00000000 00:00 0 
7fc29161a000-7fc291700000 ---p 00000000 00:00 0 
7fc291700000-7fc291704000 ---p 00000000 00:00 0 
7fc291704000-7fc291800000 rw-p 00000000 00:00 0 
7fc291800000-7fc29298b000 r-xp 00000000 08:04 672316                     /opt/jdk-11.0.14/lib/server/libjvm.so
7fc29298b000-7fc292b8a000 ---p 0118b000 08:04 672316                     /opt/jdk-11.0.14/lib/server/libjvm.so
7fc292b8a000-7fc292c49000 r--p 0118a000 08:04 672316                     /opt/jdk-11.0.14/lib/server/libjvm.so
7fc292c49000-7fc292c83000 rw-p 01249000 08:04 672316                     /opt/jdk-11.0.14/lib/server/libjvm.so
7fc292c83000-7fc292cda000 rw-p 00000000 00:00 0 
7fc292cdc000-7fc292cdf000 r--p 00000000 08:04 398610                     /usr/lib/libgcc_s.so.1
7fc292cdf000-7fc292cf6000 r-xp 00003000 08:04 398610                     /usr/lib/libgcc_s.so.1
7fc292cf6000-7fc292cfa000 r--p 0001a000 08:04 398610                     /usr/lib/libgcc_s.so.1
7fc292cfa000-7fc292cfb000 r--p 0001d000 08:04 398610                     /usr/lib/libgcc_s.so.1
7fc292cfb000-7fc292cfc000 rw-p 0001e000 08:04 398610                     /usr/lib/libgcc_s.so.1
7fc292cfc000-7fc292d00000 r--p 00000000 08:04 812774                     /home/nycrera/.javacpp/cache/javacpp-1.5.7-linux-x86_64.jar/org/bytedeco/javacpp/linux-x86_64/libjnijavacpp.so
7fc292d00000-7fc292d07000 r-xp 00004000 08:04 812774                     /home/nycrera/.javacpp/cache/javacpp-1.5.7-linux-x86_64.jar/org/bytedeco/javacpp/linux-x86_64/libjnijavacpp.so
7fc292d07000-7fc292d0b000 r--p 0000b000 08:04 812774                     /home/nycrera/.javacpp/cache/javacpp-1.5.7-linux-x86_64.jar/org/bytedeco/javacpp/linux-x86_64/libjnijavacpp.so
7fc292d0b000-7fc292d0c000 r--p 0000e000 08:04 812774                     /home/nycrera/.javacpp/cache/javacpp-1.5.7-linux-x86_64.jar/org/bytedeco/javacpp/linux-x86_64/libjnijavacpp.so
7fc292d0c000-7fc292d0d000 rw-p 0000f000 08:04 812774                     /home/nycrera/.javacpp/cache/javacpp-1.5.7-linux-x86_64.jar/org/bytedeco/javacpp/linux-x86_64/libjnijavacpp.so
7fc292d0d000-7fc292d1b000 r--p 00000000 08:04 401375                     /usr/lib/libm.so.6
7fc292d1b000-7fc292d94000 r-xp 0000e000 08:04 401375                     /usr/lib/libm.so.6
7fc292d94000-7fc292df2000 r--p 00087000 08:04 401375                     /usr/lib/libm.so.6
7fc292df2000-7fc292df3000 r--p 000e4000 08:04 401375                     /usr/lib/libm.so.6
7fc292df3000-7fc292df4000 rw-p 000e5000 08:04 401375                     /usr/lib/libm.so.6
7fc292df4000-7fc292e1c000 r--p 00000000 08:04 401365                     /usr/lib/libc.so.6
7fc292e1c000-7fc292f94000 r-xp 00028000 08:04 401365                     /usr/lib/libc.so.6
7fc292f94000-7fc292fec000 r--p 001a0000 08:04 401365                     /usr/lib/libc.so.6
7fc292fec000-7fc292fed000 ---p 001f8000 08:04 401365                     /usr/lib/libc.so.6
7fc292fed000-7fc292ff1000 r--p 001f8000 08:04 401365                     /usr/lib/libc.so.6
7fc292ff1000-7fc292ff3000 rw-p 001fc000 08:04 401365                     /usr/lib/libc.so.6
7fc292ff3000-7fc293000000 rw-p 00000000 00:00 0 
7fc293000000-7fc293010000 r-xp 00000000 08:04 672266                     /opt/jdk-11.0.14/lib/jli/libjli.so
7fc293010000-7fc29320f000 ---p 00010000 08:04 672266                     /opt/jdk-11.0.14/lib/jli/libjli.so
7fc29320f000-7fc293210000 r--p 0000f000 08:04 672266                     /opt/jdk-11.0.14/lib/jli/libjli.so
7fc293210000-7fc293211000 rw-p 00010000 08:04 672266                     /opt/jdk-11.0.14/lib/jli/libjli.so
7fc293220000-7fc2932bb000 rw-p 00000000 00:00 0 
7fc2932bb000-7fc2932bc000 r--p 00000000 08:04 401400                     /usr/lib/librt.so.1
7fc2932bc000-7fc2932bd000 r-xp 00001000 08:04 401400                     /usr/lib/librt.so.1
7fc2932bd000-7fc2932be000 r--p 00002000 08:04 401400                     /usr/lib/librt.so.1
7fc2932be000-7fc2932bf000 r--p 00002000 08:04 401400                     /usr/lib/librt.so.1
7fc2932bf000-7fc2932c0000 rw-p 00003000 08:04 401400                     /usr/lib/librt.so.1
7fc2932c0000-7fc2932c2000 rw-p 00000000 00:00 0 
7fc2932c2000-7fc2932c3000 r--p 00000000 08:04 401370                     /usr/lib/libdl.so.2
7fc2932c3000-7fc2932c4000 r-xp 00001000 08:04 401370                     /usr/lib/libdl.so.2
7fc2932c4000-7fc2932c5000 r--p 00002000 08:04 401370                     /usr/lib/libdl.so.2
7fc2932c5000-7fc2932c6000 r--p 00002000 08:04 401370                     /usr/lib/libdl.so.2
7fc2932c6000-7fc2932c7000 rw-p 00003000 08:04 401370                     /usr/lib/libdl.so.2
7fc2932c7000-7fc2932c8000 r--p 00000000 08:04 401394                     /usr/lib/libpthread.so.0
7fc2932c8000-7fc2932c9000 r-xp 00001000 08:04 401394                     /usr/lib/libpthread.so.0
7fc2932c9000-7fc2932ca000 r--p 00002000 08:04 401394                     /usr/lib/libpthread.so.0
7fc2932ca000-7fc2932cb000 r--p 00002000 08:04 401394                     /usr/lib/libpthread.so.0
7fc2932cb000-7fc2932cc000 rw-p 00003000 08:04 401394                     /usr/lib/libpthread.so.0
7fc2932cc000-7fc2932cf000 r--p 00000000 08:04 401425                     /usr/lib/libz.so.1.2.12
7fc2932cf000-7fc2932dd000 r-xp 00003000 08:04 401425                     /usr/lib/libz.so.1.2.12
7fc2932dd000-7fc2932e4000 r--p 00011000 08:04 401425                     /usr/lib/libz.so.1.2.12
7fc2932e4000-7fc2932e5000 r--p 00017000 08:04 401425                     /usr/lib/libz.so.1.2.12
7fc2932e5000-7fc2932e6000 rw-p 00018000 08:04 401425                     /usr/lib/libz.so.1.2.12
7fc2932f4000-7fc2932f9000 rw-p 00000000 00:00 0 
7fc2932f9000-7fc293300000 ---p 00000000 00:00 0 
7fc293300000-7fc293308000 rw-s 00000000 00:24 4870                       /tmp/hsperfdata_nycrera/21466
7fc293308000-7fc293309000 ---p 00000000 00:00 0 
7fc293309000-7fc29330a000 r--p 00000000 00:00 0 
7fc29330a000-7fc29330c000 rw-p 00000000 00:00 0 
7fc29330c000-7fc29330e000 r--p 00000000 08:04 401356                     /usr/lib/ld-linux-x86-64.so.2
7fc29330e000-7fc293335000 r-xp 00002000 08:04 401356                     /usr/lib/ld-linux-x86-64.so.2
7fc293335000-7fc293340000 r--p 00029000 08:04 401356                     /usr/lib/ld-linux-x86-64.so.2
7fc293341000-7fc293343000 r--p 00034000 08:04 401356                     /usr/lib/ld-linux-x86-64.so.2
7fc293343000-7fc293345000 rw-p 00036000 08:04 401356                     /usr/lib/ld-linux-x86-64.so.2
7ffc93988000-7ffc939ad000 rw-p 00000000 00:00 0                          [stack]
7ffc939e4000-7ffc939e8000 r--p 00000000 00:00 0                          [vvar]
7ffc939e8000-7ffc939ea000 r-xp 00000000 00:00 0                          [vdso]
ffffffffff600000-ffffffffff601000 --xp 00000000 00:00 0                  [vsyscall]


VM Arguments:
jvm_args: -Dfile.encoding=UTF-8 
java_command: com.alperen.streammod.App
java_class_path (initial): /home/nycrera/eclipse-workspace/streammod/target/classes:/home/nycrera/.m2/repository/org/freedesktop/gstreamer/gst1-java-core/1.4.0/gst1-java-core-1.4.0.jar:/home/nycrera/.m2/repository/net/java/dev/jna/jna/5.12.1/jna-5.12.1.jar:/home/nycrera/.m2/repository/org/bytedeco/javacv/1.5.7/javacv-1.5.7.jar:/home/nycrera/.m2/repository/org/bytedeco/javacpp/1.5.7/javacpp-1.5.7.jar:/home/nycrera/.m2/repository/org/bytedeco/openblas/0.3.19-1.5.7/openblas-0.3.19-1.5.7.jar:/home/nycrera/.m2/repository/org/bytedeco/opencv/4.5.5-1.5.7/opencv-4.5.5-1.5.7.jar:/home/nycrera/.m2/repository/org/bytedeco/ffmpeg/5.0-1.5.7/ffmpeg-5.0-1.5.7.jar:/home/nycrera/.m2/repository/org/bytedeco/flycapture/2.13.3.31-1.5.7/flycapture-2.13.3.31-1.5.7.jar:/home/nycrera/.m2/repository/org/bytedeco/libdc1394/2.2.6-1.5.7/libdc1394-2.2.6-1.5.7.jar:/home/nycrera/.m2/repository/org/bytedeco/libfreenect/0.5.7-1.5.7/libfreenect-0.5.7-1.5.7.jar:/home/nycrera/.m2/repository/org/bytedeco/libfreenect2/0.2.0-1.5.7/libfreenect2-0.2.0-1.5.7.jar:/home/nycrera/.m2/repository/org/bytedeco/librealsense/1.12.4-1.5.7/librealsense-1.12.4-1.5.7.jar:/home/nycrera/.m2/repository/org/bytedeco/librealsense2/2.50.0-1.5.7/librealsense2-2.50.0-1.5.7.jar:/home/nycrera/.m2/repository/org/bytedeco/videoinput/0.200-1.5.7/videoinput-0.200-1.5.7.jar:/home/nycrera/.m2/repository/org/bytedeco/artoolkitplus/2.3.1-1.5.7/artoolkitplus-2.3.1-1.5.7.jar:/home/nycrera/.m2/repository/org/bytedeco/flandmark/1.07-1.5.7/flandmark-1.07-1.5.7.jar:/home/nycrera/.m2/repository/org/bytedeco/leptonica/1.82.0-1.5.7/leptonica-1.82.0-1.5.7.jar:/home/nycrera/.m2/repository/org/bytedeco/tesseract/5.0.1-1.5.7/tesseract-5.0.1-1.5.7.jar:/home/nycrera/.m2/repository/org/bytedeco/javacv-platform/1.5.7/javacv-platform-1.5.7.jar:/home/nycrera/.m2/repository/org/bytedeco/openblas-platform/0.3.19-1.5.7/openblas-platform-0.3.19-1.5.7.jar:/home/nycrera/.m2/repository/org/bytedeco/javacpp-platform/1.5.7/javacpp-platform-1.5.7.jar:/home/nycrera
Launcher Type: SUN_STANDARD

[Global flags]
     intx CICompilerCount                          = 4                                         {product} {ergonomic}
     uint ConcGCThreads                            = 2                                         {product} {ergonomic}
     uint G1ConcRefinementThreads                  = 8                                         {product} {ergonomic}
   size_t G1HeapRegionSize                         = 1048576                                   {product} {ergonomic}
    uintx GCDrainStackTargetSize                   = 64                                        {product} {ergonomic}
   size_t InitialHeapSize                          = 257949696                                 {product} {ergonomic}
   size_t MarkStackSize                            = 4194304                                   {product} {ergonomic}
   size_t MaxHeapSize                              = 4116709376                                {product} {ergonomic}
   size_t MaxNewSize                               = 2469396480                                {product} {ergonomic}
   size_t MinHeapDeltaBytes                        = 1048576                                   {product} {ergonomic}
    uintx NonNMethodCodeHeapSize                   = 5836300                                {pd product} {ergonomic}
    uintx NonProfiledCodeHeapSize                  = 122910970                              {pd product} {ergonomic}
    uintx ProfiledCodeHeapSize                     = 122910970                              {pd product} {ergonomic}
    uintx ReservedCodeCacheSize                    = 251658240                              {pd product} {ergonomic}
     bool SegmentedCodeCache                       = true                                      {product} {ergonomic}
     bool UseCompressedClassPointers               = true                                 {lp64_product} {ergonomic}
     bool UseCompressedOops                        = true                                 {lp64_product} {ergonomic}
     bool UseG1GC                                  = true                                      {product} {ergonomic}

Logging:
Log output configuration:
 #0: stdout all=warning uptime,level,tags
 #1: stderr all=off uptime,level,tags

Environment Variables:
PATH=/home/nycrera/.local/bin:/usr/local/bin:/usr/bin:/bin:/usr/local/sbin:/bin:/usr/lib/jvm/default/bin:/usr/bin/site_perl:/usr/bin/vendor_perl:/usr/bin/core_perl:/var/lib/snapd/snap/bin
SHELL=/bin/bash
DISPLAY=:0

Signal Handlers:
SIGSEGV: [libjvm.so+0xe7b6d0], sa_mask[0]=11111111011111111101111111111110, sa_flags=SA_RESTART|SA_SIGINFO
SIGBUS: [libjvm.so+0xe7b6d0], sa_mask[0]=11111111011111111101111111111110, sa_flags=SA_RESTART|SA_SIGINFO
SIGFPE: [libjvm.so+0xe7b6d0], sa_mask[0]=11111111011111111101111111111110, sa_flags=SA_RESTART|SA_SIGINFO
SIGPIPE: [libjvm.so+0xc4d770], sa_mask[0]=11111111011111111101111111111110, sa_flags=SA_RESTART|SA_SIGINFO
SIGXFSZ: [libjvm.so+0xc4d770], sa_mask[0]=11111111011111111101111111111110, sa_flags=SA_RESTART|SA_SIGINFO
SIGILL: [libjvm.so+0xe7b6d0], sa_mask[0]=11111111011111111101111111111110, sa_flags=SA_RESTART|SA_SIGINFO
SIGUSR2: [libjvm.so+0xc4d610], sa_mask[0]=00100000000000000000000000000000, sa_flags=SA_RESTART|SA_SIGINFO
SIGHUP: [libjvm.so+0xc4d970], sa_mask[0]=11111111011111111101111111111110, sa_flags=SA_RESTART|SA_SIGINFO
SIGINT: [libjvm.so+0xc4d970], sa_mask[0]=11111111011111111101111111111110, sa_flags=SA_RESTART|SA_SIGINFO
SIGTERM: [libjvm.so+0xc4d970], sa_mask[0]=11111111011111111101111111111110, sa_flags=SA_RESTART|SA_SIGINFO
SIGQUIT: [libjvm.so+0xc4d970], sa_mask[0]=11111111011111111101111111111110, sa_flags=SA_RESTART|SA_SIGINFO


---------------  S Y S T E M  ---------------

OS:DISTRIB_ID=ManjaroLinux
DISTRIB_RELEASE=21.3.4
DISTRIB_CODENAME=Ruah
DISTRIB_DESCRIPTION="Manjaro Linux"
uname:Linux 5.10.131-1-MANJARO #1 SMP PREEMPT Fri Jul 15 09:45:13 UTC 2022 x86_64
libc:glibc 2.35 NPTL 2.35 
rlimit: STACK 8192k, CORE infinity, NPROC 62753, NOFILE 524288, AS infinity, DATA infinity, FSIZE infinity
load average:3,20 2,45 2,17

/proc/meminfo:
MemTotal:       16079800 kB
MemFree:         9077148 kB
MemAvailable:   10489692 kB
Buffers:          135976 kB
Cached:          2296576 kB
SwapCached:            0 kB
Active:           802456 kB
Inactive:        5202916 kB
Active(anon):       8212 kB
Inactive(anon):  4373416 kB
Active(file):     794244 kB
Inactive(file):   829500 kB
Unevictable:      537312 kB
Mlocked:             128 kB
SwapTotal:       2097148 kB
SwapFree:        2097148 kB
Dirty:               220 kB
Writeback:             0 kB
AnonPages:       4110152 kB
Mapped:           803348 kB
Shmem:            808808 kB
KReclaimable:      88984 kB
Slab:             181464 kB
SReclaimable:      88984 kB
SUnreclaim:        92480 kB
KernelStack:       14928 kB
PageTables:        40732 kB
NFS_Unstable:          0 kB
Bounce:                0 kB
WritebackTmp:          0 kB
CommitLimit:    10137048 kB
Committed_AS:   11974504 kB
VmallocTotal:   34359738367 kB
VmallocUsed:      108276 kB
VmallocChunk:          0 kB
Percpu:             5280 kB
HardwareCorrupted:     0 kB
AnonHugePages:         0 kB
ShmemHugePages:        0 kB
ShmemPmdMapped:        0 kB
FileHugePages:         0 kB
FilePmdMapped:         0 kB
CmaTotal:              0 kB
CmaFree:               0 kB
HugePages_Total:       0
HugePages_Free:        0
HugePages_Rsvd:        0
HugePages_Surp:        0
Hugepagesize:       2048 kB
Hugetlb:               0 kB
DirectMap4k:      354044 kB
DirectMap2M:    10868736 kB
DirectMap1G:     5242880 kB


/proc/sys/kernel/threads-max (system-wide limit on the number of threads):
125507


/proc/sys/vm/max_map_count (maximum number of memory map areas a process may have):
65530


/proc/sys/kernel/pid_max (system-wide limit on number of process identifiers):
4194304




CPU:total 8 (initial active 8) (4 cores per cpu, 2 threads per core) family 6 model 165 stepping 2 microcode 0xc8, cmov, cx8, fxsr, mmx, sse, sse2, sse3, ssse3, sse4.1, sse4.2, popcnt, avx, avx2, aes, clmul, erms, 3dnowpref, lzcnt, ht, tsc, tscinvbit, bmi1, bmi2, adx, fma
CPU Model and flags from /proc/cpuinfo:
model name	: Intel(R) Core(TM) i5-10200H CPU @ 2.40GHz
flags		: fpu vme de pse tsc msr pae mce cx8 apic sep mtrr pge mca cmov pat pse36 clflush dts acpi mmx fxsr sse sse2 ss ht tm pbe syscall nx pdpe1gb rdtscp lm constant_tsc art arch_perfmon pebs bts rep_good nopl xtopology nonstop_tsc cpuid aperfmperf pni pclmulqdq dtes64 monitor ds_cpl vmx est tm2 ssse3 sdbg fma cx16 xtpr pdcm pcid sse4_1 sse4_2 x2apic movbe popcnt tsc_deadline_timer aes xsave avx f16c rdrand lahf_lm abm 3dnowprefetch cpuid_fault epb invpcid_single ssbd ibrs ibpb stibp ibrs_enhanced tpr_shadow vnmi flexpriority ept vpid ept_ad fsgsbase tsc_adjust bmi1 avx2 smep bmi2 erms invpcid mpx rdseed adx smap clflushopt intel_pt xsaveopt xsavec xgetbv1 xsaves dtherm ida arat pln pts hwp hwp_notify hwp_act_window hwp_epp pku ospke md_clear flush_l1d arch_capabilities

Memory: 4k page, physical 16079800k(9077208k free), swap 2097148k(2097148k free)

vm_info: Java HotSpot(TM) 64-Bit Server VM (11.0.14+8-LTS-263) for linux-amd64 JRE (11.0.14+8-LTS-263), built on Dec  7 2021 21:51:28 by "mach5one" with gcc 7.3.0

END.
